Vehicle0;100;100;0;110;100;15;B9;PU
Vehicle2;50;100;0;120;100;75;T2;PU
Vehicle1;0;100;0;0;100;5;BBufferTest2;PU
Vehicle1;0;100;5;0;100;10;BBufferTest1;PU
Vehicle1;0;100;10;0;100;15;BBufferTest4;PU
Vehicle0;110;100;15;0;100;130;B9;PL
Vehicle1;0;100;15;0;100;20;BBufferTest5;PU
Vehicle1;0;100;20;0;100;25;BBufferTest0;PU
Vehicle1;0;100;25;130;100;160;BBufferTest2;PL
Vehicle2;120;100;75;120;100;80;B14;PU
Vehicle2;120;100;80;120;100;85;BTest;PU
Vehicle2;120;100;85;120;100;90;BTest2;PU
Vehicle2;120;100;90;120;100;95;B13;PU
Vehicle2;120;100;95;0;100;220;B14;PL
Vehicle0;0;100;130;0;100;135;BBufferTest3;PU
Vehicle2;0;100;220;0;100;225;B13;PL
Vehicle2;0;100;225;110;100;340;T2;PL
Vehicle2;110;100;340;110;100;345;BTest;PL
Vehicle2;110;100;345;110;100;350;BTest2;PL
Vehicle1;130;100;345;110;100;370;BBufferTest1;PL
Vehicle2;110;100;350;120;100;365;B12;PU
Vehicle2;120;100;365;0;100;490;B12;PL
Vehicle1;110;100;370;110;100;375;BBufferTest4;PL
Vehicle1;110;100;375;110;100;380;BBufferTest5;PL
Vehicle1;110;100;380;120;100;395;BBufferTest0;PL
Vehicle0;0;100;380;120;100;505;BBufferTest3;PL
