Vehicle0;20;100;0;110;100;5;B3;PU
Vehicle1;30;100;0;120;100;5;B7;PU
Vehicle0;110;100;5;110;100;10;B2;PU
Vehicle1;120;100;5;120;100;10;B6;PU
Vehicle0;110;100;10;10;100;115;B3;PL
Vehicle1;120;100;10;10;100;125;B6;PL
Vehicle0;10;100;115;10;100;120;B2;PL
Vehicle0;10;100;120;130;100;125;B11;PU
Vehicle1;10;100;125;110;100;230;B7;PL
Vehicle0;130;100;125;130;100;130;B10;PU
Vehicle0;130;100;130;120;100;145;B11;PL
Vehicle0;120;100;145;120;100;150;B10;PL
Vehicle0;120;100;150;130;100;155;B9;PU
Vehicle0;130;100;155;130;100;160;B8;PU
Vehicle0;130;100;160;0;100;295;B8;PL
Vehicle1;110;100;230;160;100;235;B23;PU
Vehicle1;160;100;235;160;100;240;B22;PU
Vehicle1;160;100;240;10;100;395;B23;PL
Vehicle0;0;100;295;120;100;420;B9;PL
Vehicle1;10;100;395;10;100;400;B22;PL
Vehicle1;10;100;400;170;100;405;B27;PU
Vehicle1;170;100;405;170;100;410;B26;PU
Vehicle1;170;100;410;10;100;575;B26;PL
Vehicle0;120;100;420;180;100;425;B31;PU
Vehicle0;180;100;425;180;100;430;B30;PU
Vehicle0;180;100;430;130;100;485;B31;PL
Vehicle0;130;100;485;10;100;610;B30;PL
Vehicle1;10;100;575;110;100;680;B27;PL
Vehicle0;10;100;610;180;100;615;B29;PU
Vehicle0;180;100;615;180;100;620;B28;PU
Vehicle0;180;100;620;130;100;675;B29;PL
Vehicle0;130;100;675;10;100;800;B28;PL
Vehicle1;110;100;680;190;100;685;B35;PU
Vehicle1;190;100;685;10;100;870;B35;PL
Vehicle0;10;100;800;210;100;805;B43;PU
Vehicle0;210;100;805;210;100;810;B42;PU
Vehicle0;210;100;810;0;100;1025;B42;PL
Vehicle1;10;100;870;220;100;875;B47;PU
Vehicle1;220;100;875;220;100;880;B46;PU
Vehicle1;220;100;880;110;100;995;B47;PL
Vehicle1;110;100;995;110;100;1000;B46;PL
Vehicle1;110;100;1000;220;100;1005;B45;PU
Vehicle1;220;100;1005;10;100;1220;B45;PL
Vehicle0;0;100;1025;10;100;1040;B43;PL
Vehicle0;10;100;1040;210;100;1045;B41;PU
Vehicle0;210;100;1045;210;100;1050;B40;PU
Vehicle0;210;100;1050;0;100;1265;B41;PL
Vehicle1;10;100;1220;240;100;1225;B55;PU
Vehicle1;240;100;1225;240;100;1230;B54;PU
Vehicle1;240;100;1230;0;100;1475;B55;PL
Vehicle0;0;100;1265;0;100;1270;B40;PL
Vehicle0;0;100;1270;250;100;1275;B59;PU
Vehicle0;250;100;1275;250;100;1280;B58;PU
Vehicle0;250;100;1280;10;100;1525;B58;PL
Vehicle1;0;100;1475;130;100;1610;B54;PL
Vehicle0;10;100;1525;110;100;1630;B59;PL
Vehicle1;130;100;1610;240;100;1615;B53;PU
Vehicle1;240;100;1615;240;100;1620;B52;PU
Vehicle1;240;100;1620;130;100;1735;B53;PL
Vehicle0;110;100;1630;250;100;1635;B57;PU
Vehicle0;250;100;1635;0;100;1890;B57;PL
Vehicle1;130;100;1735;10;100;1860;B52;PL
Vehicle1;10;100;1860;260;100;1865;B63;PU
Vehicle1;260;100;1865;10;100;2120;B63;PL
Vehicle0;0;100;1890;290;100;1895;B75;PU
Vehicle0;290;100;1895;290;100;1900;B74;PU
Vehicle0;290;100;1900;110;100;2085;B75;PL
Vehicle0;110;100;2085;120;100;2100;B74;PL
Vehicle0;120;100;2100;290;100;2105;B73;PU
Vehicle0;290;100;2105;0;100;2400;B73;PL
Vehicle1;10;100;2120;310;100;2125;B83;PU
Vehicle1;310;100;2125;310;100;2130;B82;PU
Vehicle1;310;100;2130;130;100;2315;B83;PL
Vehicle1;130;100;2315;10;100;2440;B82;PL
Vehicle0;0;100;2400;320;100;2405;B87;PU
Vehicle0;320;100;2405;320;100;2410;B86;PU
Vehicle0;320;100;2410;10;100;2725;B87;PL
Vehicle1;10;100;2440;310;100;2445;B81;PU
Vehicle1;310;100;2445;310;100;2450;B80;PU
Vehicle1;310;100;2450;130;100;2635;B81;PL
Vehicle1;130;100;2635;10;100;2760;B80;PL
Vehicle0;10;100;2725;120;100;2840;B86;PL
Vehicle1;10;100;2760;330;100;2765;B91;PU
Vehicle1;330;100;2765;330;100;2770;B90;PU
Vehicle1;330;100;2770;0;100;3105;B91;PL
Vehicle0;120;100;2840;320;100;2845;B85;PU
Vehicle0;320;100;2845;320;100;2850;B84;PU
Vehicle0;320;100;2850;0;100;3175;B84;PL
Vehicle1;0;100;3105;130;100;3240;B90;PL
Vehicle0;0;100;3175;120;100;3300;B85;PL
Vehicle1;130;100;3240;330;100;3245;B89;PU
Vehicle1;330;100;3245;330;100;3250;B88;PU
Vehicle1;330;100;3250;130;100;3455;B89;PL
Vehicle0;120;100;3300;350;100;3305;B99;PU
Vehicle0;350;100;3305;10;100;3650;B99;PL
Vehicle1;130;100;3455;10;100;3580;B88;PL
Vehicle1;10;100;3580;360;100;3585;B103;PU
Vehicle1;360;100;3585;360;100;3590;B102;PU
Vehicle1;360;100;3590;140;100;3815;B103;PL
Vehicle0;10;100;3650;370;100;3655;B107;PU
Vehicle0;370;100;3655;370;100;3660;B106;PU
Vehicle0;370;100;3660;0;100;4035;B106;PL
Vehicle1;140;100;3815;140;100;3820;B102;PL
Vehicle1;140;100;3820;360;100;3825;B101;PU
Vehicle1;360;100;3825;360;100;3830;B100;PU
Vehicle1;360;100;3830;0;100;4195;B100;PL
Vehicle0;0;100;4035;150;100;4190;B107;PL
Vehicle0;150;100;4190;380;100;4195;B111;PU
Vehicle1;0;100;4195;140;100;4340;B101;PL
Vehicle0;380;100;4195;380;100;4200;B110;PU
Vehicle0;380;100;4200;160;100;4425;B111;PL
Vehicle1;140;100;4340;420;100;4345;B127;PU
Vehicle1;420;100;4345;420;100;4350;B126;PU
Vehicle1;420;100;4350;140;100;4635;B127;PL
Vehicle0;160;100;4425;160;100;4430;B110;PL
Vehicle0;160;100;4430;380;100;4435;B109;PU
Vehicle0;380;100;4435;380;100;4440;B108;PU
Vehicle0;380;100;4440;10;100;4815;B108;PL
Vehicle1;140;100;4635;150;100;4650;B126;PL
Vehicle1;150;100;4650;420;100;4655;B125;PU
Vehicle1;420;100;4655;420;100;4660;B124;PU
Vehicle1;420;100;4660;10;100;5075;B124;PL
Vehicle0;10;100;4815;160;100;4970;B109;PL
Vehicle0;160;100;4970;450;100;4975;B139;PU
Vehicle0;450;100;4975;450;100;4980;B138;PU
Vehicle0;450;100;4980;0;100;5435;B139;PL
Vehicle1;10;100;5075;150;100;5220;B125;PL
Vehicle1;150;100;5220;480;100;5225;B151;PU
Vehicle1;480;100;5225;480;100;5230;B150;PU
Vehicle1;480;100;5230;170;100;5545;B151;PL
Vehicle0;0;100;5435;0;100;5440;B138;PL
Vehicle0;0;100;5440;520;100;5445;B167;PU
Vehicle0;520;100;5445;520;100;5450;B166;PU
Vehicle0;520;100;5450;180;100;5795;B167;PL
Vehicle1;170;100;5545;170;100;5550;B150;PL
Vehicle1;170;100;5550;480;100;5555;B149;PU
Vehicle1;480;100;5555;480;100;5560;B148;PU
Vehicle1;480;100;5560;170;100;5875;B149;PL
Vehicle0;180;100;5795;180;100;5800;B166;PL
Vehicle0;180;100;5800;520;100;5805;B165;PU
Vehicle0;520;100;5805;10;100;6320;B165;PL
Vehicle1;170;100;5875;10;100;6040;B148;PL
Vehicle1;10;100;6040;530;100;6045;B171;PU
Vehicle1;530;100;6045;530;100;6050;B170;PU
Vehicle1;530;100;6050;0;100;6585;B171;PL
Vehicle0;10;100;6320;550;100;6325;B179;PU
Vehicle0;550;100;6325;10;100;6870;B179;PL
Vehicle1;0;100;6585;150;100;6740;B170;PL
Vehicle1;150;100;6740;530;100;6745;B169;PU
Vehicle1;530;100;6745;530;100;6750;B168;PU
Vehicle1;530;100;6750;10;100;7275;B168;PL
Vehicle0;10;100;6870;560;100;6875;B183;PU
Vehicle0;560;100;6875;560;100;6880;B182;PU
Vehicle0;560;100;6880;180;100;7265;B183;PL
Vehicle0;180;100;7265;180;100;7270;B182;PL
Vehicle0;180;100;7270;560;100;7275;B181;PU
Vehicle1;10;100;7275;160;100;7430;B169;PL
Vehicle0;560;100;7275;560;100;7280;B180;PU
Vehicle0;560;100;7280;0;100;7845;B181;PL
Vehicle1;160;100;7430;570;100;7435;B187;PU
Vehicle1;570;100;7435;570;100;7440;B186;PU
Vehicle1;570;100;7440;160;100;7855;B187;PL
Vehicle0;0;100;7845;0;100;7850;B180;PL
Vehicle0;0;100;7850;580;100;7855;B191;PU
Vehicle1;160;100;7855;160;100;7860;B186;PL
Vehicle0;580;100;7855;580;100;7860;B190;PU
Vehicle1;160;100;7860;570;100;7865;B185;PU
Vehicle0;580;100;7860;170;100;8275;B190;PL
Vehicle1;570;100;7865;0;100;8440;B185;PL
Vehicle0;170;100;8275;0;100;8450;B191;PL
Vehicle1;0;100;8440;590;100;8445;B195;PU
Vehicle1;590;100;8445;590;100;8450;B194;PU
Vehicle0;0;100;8450;580;100;8455;B189;PU
Vehicle1;590;100;8450;170;100;8875;B195;PL
Vehicle0;580;100;8455;580;100;8460;B188;PU
Vehicle0;580;100;8460;10;100;9035;B189;PL
Vehicle1;170;100;8875;0;100;9050;B194;PL
Vehicle0;10;100;9035;10;100;9040;B188;PL
Vehicle0;10;100;9040;610;100;9045;B203;PU
Vehicle0;610;100;9045;610;100;9050;B202;PU
Vehicle0;610;100;9050;180;100;9485;B202;PL
Vehicle1;0;100;9050;620;100;9055;B207;PU
Vehicle1;620;100;9055;620;100;9060;B206;PU
Vehicle1;620;100;9060;170;100;9515;B207;PL
Vehicle0;180;100;9485;10;100;9660;B203;PL
Vehicle1;170;100;9515;190;100;9540;B206;PL
Vehicle1;190;100;9540;620;100;9545;B205;PU
Vehicle1;620;100;9545;620;100;9550;B204;PU
Vehicle1;620;100;9550;190;100;9985;B205;PL
Vehicle0;10;100;9660;610;100;9665;B201;PU
Vehicle0;610;100;9665;610;100;9670;B200;PU
Vehicle0;610;100;9670;0;100;10285;B201;PL
Vehicle1;190;100;9985;0;100;10180;B204;PL
Vehicle1;0;100;10180;640;100;10185;B215;PU
Vehicle1;640;100;10185;640;100;10190;B214;PU
Vehicle1;640;100;10190;180;100;10655;B215;PL
Vehicle0;0;100;10285;10;100;10300;B200;PL
Vehicle0;10;100;10300;660;100;10305;B223;PU
Vehicle0;660;100;10305;10;100;10960;B223;PL
Vehicle1;180;100;10655;180;100;10660;B214;PL
Vehicle1;180;100;10660;640;100;10665;B213;PU
Vehicle1;640;100;10665;640;100;10670;B212;PU
Vehicle1;640;100;10670;0;100;11315;B213;PL
Vehicle0;10;100;10960;680;100;10965;B231;PU
Vehicle0;680;100;10965;680;100;10970;B230;PU
Vehicle0;680;100;10970;10;100;11645;B230;PL
Vehicle1;0;100;11315;0;100;11320;B212;PL
Vehicle1;0;100;11320;690;100;11325;B235;PU
Vehicle1;690;100;11325;690;100;11330;B234;PU
Vehicle1;690;100;11330;180;100;11845;B235;PL
Vehicle0;10;100;11645;210;100;11850;B231;PL
Vehicle1;180;100;11845;190;100;11860;B234;PL
Vehicle0;210;100;11850;680;100;11855;B229;PU
Vehicle0;680;100;11855;10;100;12530;B229;PL
Vehicle1;190;100;11860;690;100;11865;B233;PU
Vehicle1;690;100;11865;690;100;11870;B232;PU
Vehicle1;690;100;11870;190;100;12375;B233;PL
Vehicle1;190;100;12375;10;100;12560;B232;PL
Vehicle0;10;100;12530;720;100;12535;B247;PU
Vehicle0;720;100;12535;720;100;12540;B246;PU
Vehicle0;720;100;12540;210;100;13055;B247;PL
Vehicle1;10;100;12560;730;100;12565;B251;PU
Vehicle1;730;100;12565;10;100;13290;B251;PL
Vehicle0;210;100;13055;210;100;13060;B246;PL
Vehicle0;210;100;13060;720;100;13065;B245;PU
Vehicle0;720;100;13065;720;100;13070;B244;PU
Vehicle0;720;100;13070;0;100;13795;B244;PL
Vehicle1;10;100;13290;740;100;13295;B255;PU
Vehicle1;740;100;13295;740;100;13300;B254;PU
Vehicle1;740;100;13300;200;100;13845;B255;PL
Vehicle0;0;100;13795;210;100;14010;B245;PL
Vehicle1;200;100;13845;200;100;13850;B254;PL
Vehicle1;200;100;13850;740;100;13855;B253;PU
Vehicle1;740;100;13855;740;100;13860;B252;PU
Vehicle1;740;100;13860;10;100;14595;B252;PL
Vehicle0;210;100;14010;760;100;14015;B263;PU
Vehicle0;760;100;14015;760;100;14020;B262;PU
Vehicle0;760;100;14020;220;100;14565;B263;PL
Vehicle0;220;100;14565;220;100;14570;B262;PL
Vehicle0;220;100;14570;760;100;14575;B261;PU
Vehicle0;760;100;14575;760;100;14580;B260;PU
Vehicle0;760;100;14580;0;100;15345;B260;PL
Vehicle1;10;100;14595;200;100;14790;B253;PL
Vehicle1;200;100;14790;770;100;14795;B267;PU
Vehicle1;770;100;14795;770;100;14800;B266;PU
Vehicle1;770;100;14800;10;100;15565;B266;PL
Vehicle0;0;100;15345;10;100;15360;B261;PL
Vehicle0;10;100;15360;780;100;15365;B271;PU
Vehicle0;780;100;15365;780;100;15370;B270;PU
Vehicle0;780;100;15370;220;100;15935;B270;PL
Vehicle1;10;100;15565;210;100;15770;B267;PL
Vehicle1;210;100;15770;790;100;15775;B275;PU
Vehicle1;790;100;15775;790;100;15780;B274;PU
Vehicle1;790;100;15780;0;100;16575;B274;PL
Vehicle0;220;100;15935;190;100;15970;B271;PL
Vehicle0;190;100;15970;780;100;15975;B269;PU
Vehicle0;780;100;15975;780;100;15980;B268;PU
Vehicle0;780;100;15980;220;100;16545;B269;PL
Vehicle0;220;100;16545;0;100;16770;B268;PL
Vehicle1;0;100;16575;210;100;16790;B275;PL
Vehicle0;0;100;16770;800;100;16775;B279;PU
Vehicle0;800;100;16775;800;100;16780;B278;PU
Vehicle0;800;100;16780;0;100;17585;B278;PL
Vehicle1;210;100;16790;790;100;16795;B273;PU
Vehicle1;790;100;16795;790;100;16800;B272;PU
Vehicle1;790;100;16800;0;100;17595;B273;PL
Vehicle0;0;100;17585;200;100;17790;B279;PL
Vehicle1;0;100;17595;0;100;17600;B272;PL
Vehicle1;0;100;17600;810;100;17605;B283;PU
Vehicle1;810;100;17605;810;100;17610;B282;PU
Vehicle1;810;100;17610;240;100;18185;B283;PL
Vehicle0;200;100;17790;800;100;17795;B277;PU
Vehicle0;800;100;17795;800;100;17800;B276;PU
Vehicle0;800;100;17800;0;100;18605;B277;PL
Vehicle1;240;100;18185;0;100;18430;B282;PL
Vehicle1;0;100;18430;810;100;18435;B281;PU
Vehicle1;810;100;18435;10;100;19240;B281;PL
Vehicle0;0;100;18605;10;100;18620;B276;PL
Vehicle0;10;100;18620;820;100;18625;B287;PU
Vehicle0;820;100;18625;820;100;18630;B286;PU
Vehicle0;820;100;18630;210;100;19245;B287;PL
Vehicle1;10;100;19240;830;100;19245;B291;PU
Vehicle0;210;100;19245;210;100;19250;B286;PL
Vehicle1;830;100;19245;830;100;19250;B290;PU
Vehicle0;210;100;19250;820;100;19255;B285;PU
Vehicle1;830;100;19250;240;100;19845;B291;PL
Vehicle0;820;100;19255;820;100;19260;B284;PU
Vehicle0;820;100;19260;220;100;19865;B285;PL
Vehicle1;240;100;19845;0;100;20090;B290;PL
Vehicle0;220;100;19865;10;100;20080;B284;PL
Vehicle0;10;100;20080;850;100;20085;B299;PU
Vehicle0;850;100;20085;850;100;20090;B298;PU
Vehicle0;850;100;20090;230;100;20715;B299;PL
Vehicle1;0;100;20090;860;100;20095;B303;PU
Vehicle1;860;100;20095;10;100;20950;B303;PL
Vehicle0;230;100;20715;230;100;20720;B298;PL
Vehicle0;230;100;20720;850;100;20725;B297;PU
Vehicle0;850;100;20725;850;100;20730;B296;PU
Vehicle0;850;100;20730;230;100;21355;B297;PL
Vehicle1;10;100;20950;870;100;20955;B307;PU
Vehicle1;870;100;20955;870;100;20960;B306;PU
Vehicle1;870;100;20960;220;100;21615;B307;PL
Vehicle0;230;100;21355;10;100;21580;B296;PL
Vehicle0;10;100;21580;880;100;21585;B311;PU
Vehicle0;880;100;21585;880;100;21590;B310;PU
Vehicle0;880;100;21590;250;100;22225;B311;PL
Vehicle1;220;100;21615;220;100;21620;B306;PL
Vehicle1;220;100;21620;870;100;21625;B305;PU
Vehicle1;870;100;21625;870;100;21630;B304;PU
Vehicle1;870;100;21630;240;100;22265;B305;PL
Vehicle0;250;100;22225;250;100;22230;B310;PL
Vehicle0;250;100;22230;880;100;22235;B309;PU
Vehicle0;880;100;22235;0;100;23120;B309;PL
Vehicle1;240;100;22265;0;100;22510;B304;PL
Vehicle1;0;100;22510;890;100;22515;B315;PU
Vehicle1;890;100;22515;10;100;23400;B315;PL
Vehicle0;0;100;23120;910;100;23125;B323;PU
Vehicle0;910;100;23125;910;100;23130;B322;PU
Vehicle0;910;100;23130;240;100;23805;B323;PL
Vehicle1;10;100;23400;920;100;23405;B327;PU
Vehicle1;920;100;23405;920;100;23410;B326;PU
Vehicle1;920;100;23410;10;100;24325;B327;PL
Vehicle0;240;100;23805;240;100;23810;B322;PL
Vehicle0;240;100;23810;910;100;23815;B321;PU
Vehicle0;910;100;23815;910;100;23820;B320;PU
Vehicle0;910;100;23820;240;100;24495;B321;PL
Vehicle1;10;100;24325;10;100;24330;B326;PL
Vehicle1;10;100;24330;930;100;24335;B331;PU
Vehicle1;930;100;24335;10;100;25260;B331;PL
Vehicle0;240;100;24495;10;100;24730;B320;PL
Vehicle0;10;100;24730;950;100;24735;B339;PU
Vehicle0;950;100;24735;0;100;25690;B339;PL
Vehicle1;10;100;25260;960;100;25265;B343;PU
Vehicle1;960;100;25265;0;100;26230;B343;PL
Vehicle0;0;100;25690;970;100;25695;B347;PU
Vehicle0;970;100;25695;970;100;25700;B346;PU
Vehicle0;970;100;25700;230;100;26445;B346;PL
Vehicle1;0;100;26230;980;100;26235;B351;PU
Vehicle1;980;100;26235;980;100;26240;B350;PU
Vehicle1;980;100;26240;0;100;27225;B351;PL
Vehicle0;230;100;26445;0;100;26680;B347;PL
Vehicle0;0;100;26680;970;100;26685;B345;PU
Vehicle0;970;100;26685;970;100;26690;B344;PU
Vehicle0;970;100;26690;250;100;27415;B345;PL
Vehicle1;0;100;27225;10;100;27240;B350;PL
Vehicle1;10;100;27240;990;100;27245;B355;PU
Vehicle1;990;100;27245;0;100;28240;B355;PL
Vehicle0;250;100;27415;0;100;27670;B344;PL
Vehicle0;0;100;27670;1000;100;27675;B359;PU
Vehicle0;1000;100;27675;1000;100;27680;B358;PU
Vehicle0;1000;100;27680;250;100;28435;B359;PL
Vehicle1;0;100;28240;1010;100;28245;B363;PU
Vehicle1;1010;100;28245;1010;100;28250;B362;PU
Vehicle1;1010;100;28250;240;100;29025;B363;PL
Vehicle0;250;100;28435;10;100;28680;B358;PL
Vehicle0;10;100;28680;1020;100;28685;B367;PU
Vehicle0;1020;100;28685;1020;100;28690;B366;PU
Vehicle0;1020;100;28690;260;100;29455;B367;PL
Vehicle1;240;100;29025;240;100;29030;B362;PL
Vehicle1;240;100;29030;1010;100;29035;B361;PU
Vehicle1;1010;100;29035;1010;100;29040;B360;PU
Vehicle1;1010;100;29040;0;100;30055;B360;PL
Vehicle0;260;100;29455;260;100;29460;B366;PL
Vehicle0;260;100;29460;1020;100;29465;B365;PU
Vehicle0;1020;100;29465;1020;100;29470;B364;PU
Vehicle0;1020;100;29470;260;100;30235;B365;PL
Vehicle1;0;100;30055;10;100;30070;B361;PL
Vehicle1;10;100;30070;1040;100;30075;B375;PU
Vehicle1;1040;100;30075;1040;100;30080;B374;PU
Vehicle1;1040;100;30080;250;100;30875;B375;PL
Vehicle0;260;100;30235;10;100;30490;B364;PL
Vehicle0;10;100;30490;1050;100;30495;B379;PU
Vehicle0;1050;100;30495;1050;100;30500;B378;PU
Vehicle0;1050;100;30500;270;100;31285;B379;PL
Vehicle1;250;100;30875;250;100;30880;B374;PL
Vehicle1;250;100;30880;1040;100;30885;B373;PU
Vehicle1;1040;100;30885;0;100;31930;B373;PL
Vehicle0;270;100;31285;270;100;31290;B378;PL
Vehicle0;270;100;31290;1050;100;31295;B377;PU
Vehicle0;1050;100;31295;1050;100;31300;B376;PU
Vehicle0;1050;100;31300;270;100;32085;B377;PL
Vehicle1;0;100;31930;1090;100;31935;B395;PU
Vehicle1;1090;100;31935;1090;100;31940;B394;PU
Vehicle1;1090;100;31940;250;100;32785;B395;PL
Vehicle0;270;100;32085;0;100;32360;B376;PL
Vehicle0;0;100;32360;1100;100;32365;B399;PU
Vehicle0;1100;100;32365;1100;100;32370;B398;PU
Vehicle0;1100;100;32370;260;100;33215;B399;PL
Vehicle1;250;100;32785;0;100;33040;B394;PL
Vehicle1;0;100;33040;1090;100;33045;B393;PU
Vehicle1;1090;100;33045;1090;100;33050;B392;PU
Vehicle1;1090;100;33050;0;100;34145;B392;PL
Vehicle0;260;100;33215;260;100;33220;B398;PL
Vehicle0;260;100;33220;1100;100;33225;B397;PU
Vehicle0;1100;100;33225;1100;100;33230;B396;PU
Vehicle0;1100;100;33230;10;100;34325;B397;PL
Vehicle1;0;100;34145;10;100;34160;B393;PL
Vehicle1;10;100;34160;260;100;34165;B398;PU
Vehicle1;260;100;34165;290;100;34200;B398;PL
Vehicle1;290;100;34200;120;100;34205;B85;PU
Vehicle1;120;100;34205;290;100;34380;B85;PL
Vehicle0;10;100;34325;10;100;34330;B396;PL
Vehicle0;10;100;34330;10;100;34335;B414;PU
Vehicle0;10;100;34335;10;100;34340;B419;PU
Vehicle0;10;100;34340;270;100;34605;B414;PL
Vehicle1;290;100;34380;10;100;34665;B410;PU
Vehicle0;270;100;34605;260;100;34620;B419;PL
Vehicle0;260;100;34620;10;100;34875;B400;PU
Vehicle1;10;100;34665;10;100;34670;B412;PU
Vehicle1;10;100;34670;880;100;35545;B410;PL
Vehicle0;10;100;34875;10;100;34880;B415;PU
Vehicle0;10;100;34880;980;100;35855;B400;PL
Vehicle1;880;100;35545;990;100;35660;B412;PL
Vehicle1;990;100;35660;10;100;36645;B416;PU
Vehicle0;980;100;35855;760;100;36080;B415;PL
Vehicle0;760;100;36080;10;100;36835;B404;PU
Vehicle1;10;100;36645;10;100;36650;B403;PU
Vehicle1;10;100;36650;320;100;36965;B416;PL
Vehicle0;10;100;36835;10;100;36840;B408;PU
Vehicle0;10;100;36840;940;100;37775;B404;PL
Vehicle1;320;100;36965;810;100;37460;B403;PL
Vehicle1;810;100;37460;10;100;38265;B405;PU
Vehicle0;940;100;37775;500;100;38220;B408;PL
Vehicle0;500;100;38220;0;100;38725;B402;PU
Vehicle1;10;100;38265;10;100;38270;B406;PU
Vehicle1;10;100;38270;120;100;38385;B405;PL
Vehicle1;120;100;38385;1040;100;39310;B406;PL
Vehicle0;0;100;38725;0;100;38730;B418;PU
Vehicle0;0;100;38730;290;100;39025;B402;PL
Vehicle0;290;100;39025;450;100;39190;B418;PL
Vehicle0;450;100;39190;0;100;39645;B401;PU
Vehicle1;1040;100;39310;0;100;40355;B417;PU
Vehicle0;0;100;39645;0;100;39650;B409;PU
Vehicle0;0;100;39650;880;100;40535;B401;PL
Vehicle1;0;100;40355;0;100;40360;B411;PU
Vehicle1;0;100;40360;690;100;41055;B417;PL
Vehicle0;880;100;40535;330;100;41090;B409;PL
Vehicle1;690;100;41055;750;100;41120;B411;PL
Vehicle0;330;100;41090;0;100;41425;B407;PU
Vehicle0;0;100;41425;0;100;41430;B413;PU
Vehicle0;0;100;41430;910;100;42345;B407;PL
Vehicle0;910;100;42345;600;100;42660;B413;PL
