Vehicle0;20;100;0;160;100;5;B23;PU
Vehicle1;1180;100;0;1040;100;5;B375;PU
Vehicle0;160;100;5;160;100;10;B22;PU
Vehicle1;1040;100;5;1040;100;10;B374;PU
Vehicle0;160;100;10;0;100;175;B22;PL
Vehicle1;1040;100;10;10;100;1045;B375;PL
Vehicle0;0;100;175;110;100;290;B23;PL
Vehicle0;110;100;290;170;100;295;B27;PU
Vehicle0;170;100;295;170;100;300;B26;PU
Vehicle0;170;100;300;10;100;465;B26;PL
Vehicle0;10;100;465;110;100;570;B27;PL
Vehicle0;110;100;570;220;100;575;B47;PU
Vehicle0;220;100;575;220;100;580;B46;PU
Vehicle0;220;100;580;0;100;805;B46;PL
Vehicle0;0;100;805;110;100;920;B47;PL
Vehicle0;110;100;920;270;100;925;B67;PU
Vehicle0;270;100;925;10;100;1190;B67;PL
Vehicle1;10;100;1045;1100;100;2140;B374;PL
Vehicle0;10;100;1190;320;100;1195;B87;PU
Vehicle0;320;100;1195;320;100;1200;B86;PU
Vehicle0;320;100;1200;10;100;1515;B86;PL
Vehicle0;10;100;1515;120;100;1630;B87;PL
Vehicle0;120;100;1630;320;100;1635;B85;PU
Vehicle0;320;100;1635;0;100;1960;B85;PL
Vehicle0;0;100;1960;340;100;1965;B95;PU
Vehicle0;340;100;1965;340;100;1970;B94;PU
Vehicle0;340;100;1970;10;100;2305;B94;PL
Vehicle1;1100;100;2140;1040;100;2145;B373;PU
Vehicle1;1040;100;2145;10;100;3180;B373;PL
Vehicle0;10;100;2305;110;100;2410;B95;PL
Vehicle0;110;100;2410;340;100;2415;B93;PU
Vehicle0;340;100;2415;340;100;2420;B92;PU
Vehicle0;340;100;2420;0;100;2765;B93;PL
Vehicle0;0;100;2765;0;100;2770;B92;PL
Vehicle0;0;100;2770;500;100;2775;B159;PU
Vehicle0;500;100;2775;500;100;2780;B158;PU
Vehicle0;500;100;2780;10;100;3275;B158;PL
Vehicle1;10;100;3180;510;100;3185;B163;PU
Vehicle1;510;100;3185;510;100;3190;B162;PU
Vehicle1;510;100;3190;130;100;3575;B163;PL
Vehicle0;10;100;3275;120;100;3390;B159;PL
Vehicle0;120;100;3390;550;100;3395;B179;PU
Vehicle0;550;100;3395;550;100;3400;B178;PU
Vehicle0;550;100;3400;120;100;3835;B179;PL
Vehicle1;130;100;3575;130;100;3580;B162;PL
Vehicle1;130;100;3580;510;100;3585;B161;PU
Vehicle1;510;100;3585;510;100;3590;B160;PU
Vehicle1;510;100;3590;130;100;3975;B161;PL
Vehicle0;120;100;3835;120;100;3840;B178;PL
Vehicle0;120;100;3840;550;100;3845;B177;PU
Vehicle0;550;100;3845;550;100;3850;B176;PU
Vehicle0;550;100;3850;0;100;4405;B176;PL
Vehicle1;130;100;3975;0;100;4110;B160;PL
Vehicle1;0;100;4110;630;100;4115;B211;PU
Vehicle1;630;100;4115;630;100;4120;B210;PU
Vehicle1;630;100;4120;130;100;4625;B211;PL
Vehicle0;0;100;4405;140;100;4550;B177;PL
Vehicle0;140;100;4550;650;100;4555;B219;PU
Vehicle0;650;100;4555;650;100;4560;B218;PU
Vehicle0;650;100;4560;0;100;5215;B218;PL
Vehicle1;130;100;4625;150;100;4650;B210;PL
Vehicle1;150;100;4650;630;100;4655;B209;PU
Vehicle1;630;100;4655;630;100;4660;B208;PU
Vehicle1;630;100;4660;0;100;5295;B208;PL
Vehicle0;0;100;5215;140;100;5360;B219;PL
Vehicle1;0;100;5295;150;100;5450;B209;PL
Vehicle0;140;100;5360;650;100;5365;B217;PU
Vehicle0;650;100;5365;10;100;6010;B217;PL
Vehicle1;150;100;5450;680;100;5455;B231;PU
Vehicle1;680;100;5455;680;100;5460;B230;PU
Vehicle1;680;100;5460;0;100;6145;B230;PL
Vehicle0;10;100;6010;720;100;6015;B247;PU
Vehicle0;720;100;6015;720;100;6020;B246;PU
Vehicle0;720;100;6020;0;100;6745;B247;PL
Vehicle1;0;100;6145;160;100;6310;B231;PL
Vehicle1;160;100;6310;770;100;6315;B267;PU
Vehicle1;770;100;6315;770;100;6320;B266;PU
Vehicle1;770;100;6320;160;100;6935;B267;PL
Vehicle0;0;100;6745;10;100;6760;B246;PL
Vehicle0;10;100;6760;800;100;6765;B279;PU
Vehicle0;800;100;6765;800;100;6770;B278;PU
Vehicle0;800;100;6770;140;100;7435;B279;PL
Vehicle1;160;100;6935;160;100;6940;B266;PL
Vehicle1;160;100;6940;770;100;6945;B265;PU
Vehicle1;770;100;6945;770;100;6950;B264;PU
Vehicle1;770;100;6950;0;100;7725;B264;PL
Vehicle0;140;100;7435;140;100;7440;B278;PL
Vehicle0;140;100;7440;800;100;7445;B277;PU
Vehicle0;800;100;7445;800;100;7450;B276;PU
Vehicle0;800;100;7450;170;100;8085;B277;PL
Vehicle1;0;100;7725;10;100;7740;B265;PL
Vehicle1;10;100;7740;820;100;7745;B287;PU
Vehicle1;820;100;7745;0;100;8570;B287;PL
Vehicle0;170;100;8085;0;100;8260;B276;PL
Vehicle0;0;100;8260;840;100;8265;B295;PU
Vehicle0;840;100;8265;840;100;8270;B294;PU
Vehicle0;840;100;8270;150;100;8965;B295;PL
Vehicle1;0;100;8570;850;100;8575;B299;PU
Vehicle1;850;100;8575;0;100;9430;B299;PL
Vehicle0;150;100;8965;150;100;8970;B294;PL
Vehicle0;150;100;8970;840;100;8975;B293;PU
Vehicle0;840;100;8975;10;100;9810;B293;PL
Vehicle1;0;100;9430;870;100;9435;B307;PU
Vehicle1;870;100;9435;870;100;9440;B306;PU
Vehicle1;870;100;9440;170;100;10145;B307;PL
Vehicle0;10;100;9810;910;100;9815;B323;PU
Vehicle0;910;100;9815;910;100;9820;B322;PU
Vehicle0;910;100;9820;10;100;10725;B322;PL
Vehicle1;170;100;10145;170;100;10150;B306;PL
Vehicle1;170;100;10150;870;100;10155;B305;PU
Vehicle1;870;100;10155;870;100;10160;B304;PU
Vehicle1;870;100;10160;170;100;10865;B305;PL
Vehicle0;10;100;10725;160;100;10880;B323;PL
Vehicle1;170;100;10865;10;100;11030;B304;PL
Vehicle0;160;100;10880;1000;100;10885;B359;PU
Vehicle0;1000;100;10885;1000;100;10890;B358;PU
Vehicle0;1000;100;10890;10;100;11885;B358;PL
Vehicle1;10;100;11030;1010;100;11035;B363;PU
Vehicle1;1010;100;11035;1010;100;11040;B362;PU
Vehicle1;1010;100;11040;170;100;11885;B363;PL
Vehicle0;10;100;11885;160;100;12040;B359;PL
Vehicle1;170;100;11885;170;100;11890;B362;PL
Vehicle1;170;100;11890;1010;100;11895;B361;PU
Vehicle1;1010;100;11895;1010;100;11900;B360;PU
Vehicle1;1010;100;11900;180;100;12735;B361;PL
Vehicle0;160;100;12040;10;100;12195;B403;PU
Vehicle0;10;100;12195;10;100;12200;B404;PU
Vehicle0;10;100;12200;370;100;12565;B403;PL
Vehicle0;370;100;12565;450;100;12650;B404;PL
Vehicle0;450;100;12650;10;100;13095;B416;PU
Vehicle1;180;100;12735;10;100;12910;B360;PL
Vehicle1;10;100;12910;10;100;12915;B402;PU
Vehicle1;10;100;12915;10;100;12920;B410;PU
Vehicle1;10;100;12920;1060;100;13975;B402;PL
Vehicle0;10;100;13095;10;100;13100;B408;PU
Vehicle0;10;100;13100;450;100;13545;B416;PL
Vehicle0;450;100;13545;330;100;13670;B408;PL
Vehicle0;330;100;13670;10;100;13995;B411;PU
Vehicle1;1060;100;13975;540;100;14500;B410;PL
Vehicle0;10;100;13995;10;100;14000;B405;PU
Vehicle0;10;100;14000;870;100;14865;B411;PL
Vehicle1;540;100;14500;10;100;15035;B418;PU
Vehicle0;870;100;14865;750;100;14990;B405;PL
Vehicle0;750;100;14990;0;100;15745;B412;PU
Vehicle1;10;100;15035;10;100;15040;B409;PU
Vehicle1;10;100;15040;530;100;15565;B418;PL
Vehicle1;530;100;15565;610;100;15650;B409;PL
Vehicle1;610;100;15650;0;100;16265;B401;PU
Vehicle0;0;100;15745;0;100;15750;B417;PU
Vehicle0;0;100;15750;380;100;16135;B412;PL
Vehicle0;380;100;16135;490;100;16250;B417;PL
Vehicle0;490;100;16250;0;100;16745;B413;PU
Vehicle1;0;100;16265;0;100;16270;B407;PU
Vehicle1;0;100;16270;330;100;16605;B401;PL
Vehicle1;330;100;16605;770;100;17050;B407;PL
Vehicle0;0;100;16745;0;100;16750;B406;PU
Vehicle0;0;100;16750;630;100;17385;B413;PL
Vehicle1;770;100;17050;0;100;17825;B415;PU
Vehicle0;630;100;17385;400;100;17620;B406;PL
Vehicle0;400;100;17620;0;100;18025;B414;PU
Vehicle1;0;100;17825;0;100;17830;B419;PU
Vehicle1;0;100;17830;950;100;18785;B415;PL
Vehicle0;0;100;18025;0;100;18030;B400;PU
Vehicle0;0;100;18030;860;100;18895;B414;PL
Vehicle1;950;100;18785;620;100;19120;B419;PL
Vehicle0;860;100;18895;610;100;19150;B400;PL
