Vehicle1;30;100;0;180;100;155;B31;PU
Vehicle0;20;100;0;280;100;265;B71;PU
Vehicle1;180;100;155;180;100;160;B30;PU
Vehicle1;180;100;160;0;100;345;B30;PL
Vehicle0;280;100;265;0;100;550;B71;PL
Vehicle1;0;100;345;110;100;460;B31;PL
Vehicle1;110;100;460;230;100;585;B51;PU
Vehicle0;0;100;550;220;100;775;B47;PU
Vehicle1;230;100;585;230;100;590;B50;PU
Vehicle1;230;100;590;110;100;715;B51;PL
Vehicle1;110;100;715;110;100;720;B50;PL
Vehicle1;110;100;720;230;100;845;B49;PU
Vehicle0;220;100;775;220;100;780;B46;PU
Vehicle0;220;100;780;0;100;1005;B47;PL
Vehicle1;230;100;845;0;100;1080;B49;PL
Vehicle0;0;100;1005;110;100;1120;B46;PL
Vehicle1;0;100;1080;240;100;1325;B55;PU
Vehicle0;110;100;1120;220;100;1235;B45;PU
Vehicle0;220;100;1235;220;100;1240;B44;PU
Vehicle0;220;100;1240;0;100;1465;B44;PL
Vehicle1;240;100;1325;240;100;1330;B54;PU
Vehicle1;240;100;1330;220;100;1355;B55;PL
Vehicle1;220;100;1355;220;100;1360;B54;PL
Vehicle1;220;100;1360;240;100;1385;B53;PU
Vehicle1;240;100;1385;10;100;1620;B53;PL
Vehicle0;0;100;1465;110;100;1580;B45;PL
Vehicle0;110;100;1580;130;100;1605;B11;PU
Vehicle0;130;100;1605;130;100;1610;B10;PU
Vehicle0;130;100;1610;110;100;1635;B11;PL
Vehicle1;10;100;1620;300;100;1915;B79;PU
Vehicle0;110;100;1635;110;100;1640;B10;PL
Vehicle0;110;100;1640;130;100;1665;B9;PU
Vehicle0;130;100;1665;130;100;1670;B8;PU
Vehicle0;130;100;1670;10;100;1795;B8;PL
Vehicle0;10;100;1795;110;100;1900;B9;PL
Vehicle0;110;100;1900;210;100;2005;B43;PU
Vehicle1;300;100;1915;300;100;1920;B78;PU
Vehicle1;300;100;1920;130;100;2095;B79;PL
Vehicle0;210;100;2005;210;100;2010;B42;PU
Vehicle0;210;100;2010;110;100;2115;B43;PL
Vehicle1;130;100;2095;130;100;2100;B78;PL
Vehicle1;130;100;2100;300;100;2275;B77;PU
Vehicle0;110;100;2115;110;100;2120;B42;PL
Vehicle0;110;100;2120;210;100;2225;B41;PU
Vehicle0;210;100;2225;10;100;2430;B41;PL
Vehicle1;300;100;2275;10;100;2570;B77;PL
Vehicle0;10;100;2430;120;100;2545;B7;PU
Vehicle0;120;100;2545;120;100;2550;B6;PU
Vehicle0;120;100;2550;110;100;2565;B7;PL
Vehicle0;110;100;2565;110;100;2570;B6;PL
Vehicle0;110;100;2570;120;100;2585;B5;PU
Vehicle1;10;100;2570;0;100;2585;B82;PU
Vehicle0;120;100;2585;120;100;2590;B4;PU
Vehicle1;0;100;2585;0;100;2590;B80;PU
Vehicle0;120;100;2590;0;100;2715;B4;PL
Vehicle1;0;100;2590;270;100;2865;B82;PL
Vehicle0;0;100;2715;110;100;2830;B5;PL
Vehicle0;110;100;2830;0;100;2945;B86;PU
Vehicle1;270;100;2865;280;100;2880;B80;PL
Vehicle1;280;100;2880;10;100;3155;B88;PU
Vehicle0;0;100;2945;0;100;2950;B87;PU
Vehicle0;0;100;2950;220;100;3175;B86;PL
Vehicle1;10;100;3155;10;100;3160;B84;PU
Vehicle1;10;100;3160;280;100;3435;B88;PL
Vehicle0;220;100;3175;120;100;3280;B87;PL
Vehicle0;120;100;3280;10;100;3395;B85;PU
Vehicle0;10;100;3395;10;100;3400;B81;PU
Vehicle1;280;100;3435;240;100;3480;B84;PL
Vehicle0;10;100;3435;240;100;3670;B85;PL
Vehicle1;240;100;3480;10;100;3715;B83;PU
Vehicle0;240;100;3670;210;100;3705;B81;PL
Vehicle1;10;100;3715;10;100;3720;B89;PU
Vehicle1;10;100;3720;210;100;3925;B83;PL
Vehicle1;210;100;3925;160;100;3980;B89;PL
