Vehicle0;20;100;0;120;100;5;B7;PU
Vehicle1;30;100;0;130;100;5;B11;PU
Vehicle0;120;100;5;120;100;10;B6;PU
Vehicle1;130;100;5;130;100;10;B10;PU
Vehicle0;120;100;10;110;100;25;B7;PL
Vehicle1;130;100;10;140;100;25;B11;PL
Vehicle0;110;100;25;110;100;30;B6;PL
Vehicle1;140;100;25;140;100;30;B10;PL
Vehicle0;110;100;30;120;100;35;B5;PU
Vehicle1;140;100;30;130;100;35;B9;PU
Vehicle0;120;100;35;120;100;40;B4;PU
Vehicle1;130;100;35;130;100;40;B8;PU
Vehicle0;120;100;40;0;100;165;B4;PL
Vehicle1;130;100;40;140;100;55;B9;PL
Vehicle1;140;100;55;10;100;190;B8;PL
Vehicle0;0;100;165;110;100;280;B5;PL
Vehicle1;10;100;190;180;100;195;B31;PU
Vehicle1;180;100;195;180;100;200;B30;PU
Vehicle1;180;100;200;0;100;385;B30;PL
Vehicle0;110;100;280;210;100;285;B43;PU
Vehicle0;210;100;285;210;100;290;B42;PU
Vehicle0;210;100;290;130;100;375;B43;PL
Vehicle0;130;100;375;130;100;380;B42;PL
Vehicle0;130;100;380;210;100;385;B41;PU
Vehicle1;0;100;385;120;100;510;B31;PL
Vehicle0;210;100;385;10;100;590;B41;PL
Vehicle1;120;100;510;220;100;515;B47;PU
Vehicle1;220;100;515;220;100;520;B46;PU
Vehicle1;220;100;520;0;100;745;B47;PL
Vehicle0;10;100;590;230;100;595;B51;PU
Vehicle0;230;100;595;230;100;600;B50;PU
Vehicle0;230;100;600;130;100;705;B51;PL
Vehicle0;130;100;705;130;100;710;B50;PL
Vehicle0;130;100;710;230;100;715;B49;PU
Vehicle0;230;100;715;0;100;950;B49;PL
Vehicle1;0;100;745;120;100;870;B46;PL
Vehicle1;120;100;870;220;100;875;B45;PU
Vehicle1;220;100;875;220;100;880;B44;PU
Vehicle1;220;100;880;0;100;1105;B44;PL
Vehicle0;0;100;950;240;100;955;B55;PU
Vehicle0;240;100;955;240;100;960;B54;PU
Vehicle0;240;100;960;130;100;1075;B54;PL
Vehicle0;130;100;1075;110;100;1100;B55;PL
Vehicle0;110;100;1100;240;100;1105;B53;PU
Vehicle1;0;100;1105;120;100;1230;B45;PL
Vehicle0;240;100;1105;10;100;1340;B53;PL
Vehicle1;120;100;1230;280;100;1235;B71;PU
Vehicle1;280;100;1235;0;100;1520;B71;PL
Vehicle0;10;100;1340;300;100;1345;B79;PU
Vehicle0;300;100;1345;300;100;1350;B78;PU
Vehicle0;300;100;1350;120;100;1535;B79;PL
Vehicle1;0;100;1520;0;100;1525;B82;PU
Vehicle1;0;100;1525;0;100;1530;B80;PU
Vehicle1;0;100;1530;270;100;1805;B82;PL
Vehicle0;120;100;1535;120;100;1540;B78;PL
Vehicle0;120;100;1540;300;100;1545;B77;PU
Vehicle0;300;100;1545;10;100;1840;B77;PL
Vehicle1;270;100;1805;280;100;1820;B80;PL
Vehicle1;280;100;1820;10;100;2095;B88;PU
Vehicle0;10;100;1840;10;100;1845;B85;PU
Vehicle0;10;100;1845;10;100;1850;B81;PU
Vehicle1;10;100;2095;10;100;2100;B84;PU
Vehicle1;10;100;2100;280;100;2375;B88;PL
Vehicle1;280;100;2375;240;100;2420;B84;PL
Vehicle0;10;100;2420;240;100;2655;B85;PL
Vehicle1;240;100;2420;10;100;2655;B83;PU
Vehicle0;240;100;2655;210;100;2690;B81;PL
Vehicle1;10;100;2655;10;100;2660;B89;PU
Vehicle1;10;100;2690;210;100;2895;B83;PL
Vehicle0;210;100;2690;0;100;2905;B86;PU
Vehicle1;210;100;2895;160;100;2950;B89;PL
Vehicle0;0;100;2905;0;100;2910;B87;PU
Vehicle0;0;100;2910;220;100;3135;B86;PL
Vehicle0;220;100;3135;120;100;3240;B87;PL
