Vehicle0;10;100;0;110;100;5;B4;PU
Vehicle0;110;100;5;0;100;120;B4;PL
Vehicle0;0;100;120;110;100;125;B3;PU
Vehicle0;110;100;125;120;100;140;B3;PL
Vehicle0;120;100;140;110;100;145;B2;PU
Vehicle0;110;100;145;120;100;160;B2;PL
Vehicle0;120;100;160;110;100;165;B1;PU
Vehicle0;110;100;165;120;100;180;B1;PL
Vehicle0;120;100;180;110;100;185;B0;PU
Vehicle0;110;100;185;0;100;300;B0;PL
Vehicle0;0;100;300;120;100;305;B1;PU
Vehicle0;120;100;305;110;100;320;B1;PL
Vehicle0;110;100;320;120;100;325;B2;PU
Vehicle0;120;100;325;110;100;340;B2;PL
Vehicle0;110;100;340;120;100;345;B3;PU
Vehicle0;120;100;345;110;100;360;B3;PL
Vehicle0;110;100;360;120;100;365;B9;PU
Vehicle0;120;100;365;0;100;490;B9;PL
Vehicle0;0;100;490;120;100;495;B8;PU
Vehicle0;120;100;495;110;100;510;B8;PL
Vehicle0;110;100;510;120;100;515;B7;PU
Vehicle0;120;100;515;110;100;530;B7;PL
Vehicle0;110;100;530;120;100;535;B6;PU
Vehicle0;120;100;535;0;100;660;B6;PL
Vehicle0;0;100;660;130;100;665;B14;PU
Vehicle0;130;100;665;0;100;800;B14;PL
Vehicle0;0;100;800;130;100;805;B13;PU
Vehicle0;130;100;805;0;100;940;B13;PL
Vehicle0;0;100;940;130;100;945;B12;PU
Vehicle0;130;100;945;120;100;960;B12;PL
Vehicle0;120;100;960;130;100;965;B11;PU
Vehicle0;130;100;965;120;100;980;B11;PL
Vehicle0;120;100;980;130;100;985;B10;PU
Vehicle0;130;100;985;0;100;1120;B10;PL
Vehicle0;0;100;1120;140;100;1125;B19;PU
Vehicle0;140;100;1125;130;100;1140;B19;PL
Vehicle0;130;100;1140;140;100;1145;B18;PU
Vehicle0;140;100;1145;0;100;1290;B18;PL
Vehicle0;0;100;1290;140;100;1295;B17;PU
Vehicle0;140;100;1295;0;100;1440;B17;PL
Vehicle0;0;100;1440;140;100;1445;B16;PU
Vehicle0;140;100;1445;0;100;1590;B16;PL
Vehicle0;0;100;1590;140;100;1595;B15;PU
Vehicle0;140;100;1595;0;100;1740;B15;PL
Vehicle0;0;100;1740;150;100;1745;B24;PU
Vehicle0;150;100;1745;0;100;1900;B24;PL
Vehicle0;0;100;1900;150;100;1905;B23;PU
Vehicle0;150;100;1905;0;100;2060;B23;PL
Vehicle0;0;100;2060;150;100;2065;B22;PU
Vehicle0;150;100;2065;130;100;2090;B22;PL
Vehicle0;130;100;2090;150;100;2095;B21;PU
Vehicle0;150;100;2095;0;100;2250;B21;PL
Vehicle0;0;100;2250;160;100;2255;B29;PU
Vehicle0;160;100;2255;0;100;2420;B29;PL
Vehicle0;0;100;2420;170;100;2425;B34;PU
Vehicle0;170;100;2425;0;100;2600;B34;PL
Vehicle0;0;100;2600;170;100;2605;B33;PU
Vehicle0;170;100;2605;0;100;2780;B33;PL
Vehicle0;0;100;2780;170;100;2785;B32;PU
Vehicle0;170;100;2785;110;100;2850;B32;PL
Vehicle0;110;100;2850;170;100;2855;B31;PU
Vehicle0;170;100;2855;110;100;2920;B31;PL
Vehicle0;110;100;2920;170;100;2925;B30;PU
Vehicle0;170;100;2925;0;100;3100;B30;PL
Vehicle0;0;100;3100;180;100;3105;B39;PU
Vehicle0;180;100;3105;120;100;3170;B39;PL
Vehicle0;120;100;3170;180;100;3175;B38;PU
Vehicle0;180;100;3175;120;100;3240;B38;PL
Vehicle0;120;100;3240;180;100;3245;B37;PU
Vehicle0;180;100;3245;0;100;3430;B37;PL
Vehicle0;0;100;3430;180;100;3435;B36;PU
Vehicle0;180;100;3435;120;100;3500;B36;PL
Vehicle0;120;100;3500;180;100;3505;B35;PU
Vehicle0;180;100;3505;0;100;3690;B35;PL
Vehicle0;0;100;3690;200;100;3695;B49;PU
Vehicle0;200;100;3695;0;100;3900;B49;PL
Vehicle0;0;100;3900;200;100;3905;B48;PU
Vehicle0;200;100;3905;0;100;4110;B48;PL
Vehicle0;0;100;4110;200;100;4115;B47;PU
Vehicle0;200;100;4115;130;100;4190;B47;PL
Vehicle0;130;100;4190;200;100;4195;B46;PU
Vehicle0;200;100;4195;0;100;4400;B46;PL
Vehicle0;0;100;4400;210;100;4405;B54;PU
Vehicle0;210;100;4405;0;100;4620;B54;PL
Vehicle0;0;100;4620;210;100;4625;B53;PU
Vehicle0;210;100;4625;140;100;4700;B53;PL
Vehicle0;140;100;4700;210;100;4705;B52;PU
Vehicle0;210;100;4705;0;100;4920;B52;PL
Vehicle0;0;100;4920;210;100;4925;B51;PU
Vehicle0;210;100;4925;0;100;5140;B51;PL
Vehicle0;0;100;5140;210;100;5145;B50;PU
Vehicle0;210;100;5145;0;100;5360;B50;PL
Vehicle0;0;100;5360;220;100;5365;B59;PU
Vehicle0;220;100;5365;130;100;5460;B59;PL
Vehicle0;130;100;5460;220;100;5465;B58;PU
Vehicle0;220;100;5465;130;100;5560;B58;PL
Vehicle0;130;100;5560;220;100;5565;B57;PU
Vehicle0;220;100;5565;0;100;5790;B57;PL
Vehicle0;0;100;5790;220;100;5795;B56;PU
Vehicle0;220;100;5795;0;100;6020;B56;PL
Vehicle0;0;100;6020;230;100;6025;B64;PU
Vehicle0;230;100;6025;140;100;6120;B64;PL
Vehicle0;140;100;6120;230;100;6125;B63;PU
Vehicle0;230;100;6125;140;100;6220;B63;PL
Vehicle0;140;100;6220;230;100;6225;B62;PU
Vehicle0;230;100;6225;140;100;6320;B62;PL
Vehicle0;140;100;6320;230;100;6325;B61;PU
Vehicle0;230;100;6325;0;100;6560;B61;PL
Vehicle0;0;100;6560;250;100;6565;B74;PU
Vehicle0;250;100;6565;110;100;6710;B74;PL
Vehicle0;110;100;6710;250;100;6715;B73;PU
Vehicle0;250;100;6715;0;100;6970;B73;PL
Vehicle0;0;100;6970;260;100;6975;B79;PU
Vehicle0;260;100;6975;110;100;7130;B79;PL
Vehicle0;110;100;7130;260;100;7135;B78;PU
Vehicle0;260;100;7135;0;100;7400;B78;PL
Vehicle0;0;100;7400;260;100;7405;B77;PU
Vehicle0;260;100;7405;110;100;7560;B77;PL
Vehicle0;110;100;7560;260;100;7565;B76;PU
Vehicle0;260;100;7565;0;100;7830;B76;PL
Vehicle0;0;100;7830;270;100;7835;B84;PU
Vehicle0;270;100;7835;120;100;7990;B84;PL
Vehicle0;120;100;7990;270;100;7995;B83;PU
Vehicle0;270;100;7995;0;100;8270;B83;PL
Vehicle0;0;100;8270;270;100;8275;B82;PU
Vehicle0;270;100;8275;0;100;8550;B82;PL
Vehicle0;0;100;8550;290;100;8555;B94;PU
Vehicle0;290;100;8555;130;100;8720;B94;PL
Vehicle0;130;100;8720;290;100;8725;B93;PU
Vehicle0;290;100;8725;0;100;9020;B93;PL
Vehicle0;0;100;9020;290;100;9025;B92;PU
Vehicle0;290;100;9025;130;100;9190;B92;PL
Vehicle0;130;100;9190;290;100;9195;B91;PU
Vehicle0;290;100;9195;0;100;9490;B91;PL
Vehicle0;0;100;9490;310;100;9495;B104;PU
Vehicle0;310;100;9495;0;100;9810;B104;PL
Vehicle0;0;100;9810;320;100;9815;B109;PU
Vehicle0;320;100;9815;150;100;9990;B109;PL
Vehicle0;150;100;9990;320;100;9995;B108;PU
Vehicle0;320;100;9995;150;100;10170;B108;PL
Vehicle0;150;100;10170;320;100;10175;B107;PU
Vehicle0;320;100;10175;150;100;10350;B107;PL
Vehicle0;150;100;10350;320;100;10355;B106;PU
Vehicle0;320;100;10355;150;100;10530;B106;PL
Vehicle0;150;100;10530;320;100;10535;B105;PU
Vehicle0;320;100;10535;0;100;10860;B105;PL
Vehicle0;0;100;10860;330;100;10865;B114;PU
Vehicle0;330;100;10865;120;100;11080;B114;PL
Vehicle0;120;100;11080;330;100;11085;B113;PU
Vehicle0;330;100;11085;0;100;11420;B113;PL
Vehicle0;0;100;11420;330;100;11425;B112;PU
Vehicle0;330;100;11425;120;100;11640;B112;PL
Vehicle0;120;100;11640;330;100;11645;B111;PU
Vehicle0;330;100;11645;0;100;11980;B111;PL
Vehicle0;0;100;11980;340;100;11985;B119;PU
Vehicle0;340;100;11985;140;100;12190;B119;PL
Vehicle0;140;100;12190;340;100;12195;B118;PU
Vehicle0;340;100;12195;140;100;12400;B118;PL
Vehicle0;140;100;12400;340;100;12405;B117;PU
Vehicle0;340;100;12405;140;100;12610;B117;PL
Vehicle0;140;100;12610;340;100;12615;B116;PU
Vehicle0;340;100;12615;0;100;12960;B116;PL
Vehicle0;0;100;12960;340;100;12965;B115;PU
Vehicle0;340;100;12965;0;100;13310;B115;PL
Vehicle0;0;100;13310;360;100;13315;B129;PU
Vehicle0;360;100;13315;130;100;13550;B129;PL
Vehicle0;130;100;13550;360;100;13555;B128;PU
Vehicle0;360;100;13555;0;100;13920;B128;PL
Vehicle0;0;100;13920;360;100;13925;B127;PU
Vehicle0;360;100;13925;0;100;14290;B127;PL
Vehicle0;0;100;14290;360;100;14295;B126;PU
Vehicle0;360;100;14295;0;100;14660;B126;PL
Vehicle0;0;100;14660;380;100;14665;B139;PU
Vehicle0;380;100;14665;120;100;14930;B139;PL
Vehicle0;120;100;14930;380;100;14935;B138;PU
Vehicle0;380;100;14935;0;100;15320;B138;PL
Vehicle0;0;100;15320;390;100;15325;B144;PU
Vehicle0;390;100;15325;170;100;15550;B144;PL
Vehicle0;170;100;15550;390;100;15555;B143;PU
Vehicle0;390;100;15555;170;100;15780;B143;PL
Vehicle0;170;100;15780;390;100;15785;B142;PU
Vehicle0;390;100;15785;0;100;16180;B142;PL
Vehicle0;0;100;16180;400;100;16185;B149;PU
Vehicle0;400;100;16185;0;100;16590;B149;PL
Vehicle0;0;100;16590;400;100;16595;B148;PU
Vehicle0;400;100;16595;130;100;16870;B148;PL
Vehicle0;130;100;16870;400;100;16875;B147;PU
Vehicle0;400;100;16875;130;100;17150;B147;PL
Vehicle0;130;100;17150;400;100;17155;B146;PU
Vehicle0;400;100;17155;0;100;17560;B146;PL
Vehicle0;0;100;17560;130;100;17565;B147;PU
Vehicle0;130;100;17565;130;100;17570;B148;PU
Vehicle0;130;100;17570;130;100;17575;B129;PU
Vehicle0;130;100;17575;400;100;17850;B147;PL
Vehicle0;400;100;17850;400;100;17855;B148;PL
Vehicle0;400;100;17855;400;100;17860;B129;PL
Vehicle0;400;100;17860;120;100;17865;B139;PU
Vehicle0;120;100;17865;120;100;17870;B112;PU
Vehicle0;120;100;17870;400;100;18155;B139;PL
Vehicle0;400;100;18155;400;100;18160;B112;PL
Vehicle0;400;100;18160;110;100;18165;B77;PU
Vehicle0;110;100;18165;110;100;18170;B79;PU
Vehicle0;110;100;18170;400;100;18465;B77;PL
Vehicle0;400;100;18465;400;100;18470;B79;PL
Vehicle0;400;100;18470;0;100;18875;B158;PU
Vehicle0;0;100;18875;170;100;19050;B158;PL
Vehicle0;170;100;19050;0;100;19225;B159;PU
Vehicle0;0;100;19225;170;100;19400;B159;PL
Vehicle0;170;100;19400;0;100;19575;B176;PU
Vehicle0;0;100;19575;170;100;19750;B176;PL
Vehicle0;170;100;19750;0;100;19925;B182;PU
Vehicle0;0;100;19925;170;100;20100;B182;PL
Vehicle0;170;100;20100;0;100;20275;B193;PU
Vehicle0;0;100;20275;170;100;20450;B193;PL
Vehicle0;170;100;20450;0;100;20625;B197;PU
Vehicle0;0;100;20625;170;100;20800;B197;PL
Vehicle0;170;100;20800;0;100;20975;B194;PU
Vehicle0;0;100;20975;190;100;21170;B194;PL
Vehicle0;190;100;21170;0;100;21365;B152;PU
Vehicle0;0;100;21365;380;100;21750;B152;PL
Vehicle0;380;100;21750;0;100;22135;B170;PU
Vehicle0;0;100;22135;380;100;22520;B170;PL
Vehicle0;380;100;22520;0;100;22905;B175;PU
Vehicle0;0;100;22905;270;100;23180;B175;PL
Vehicle0;270;100;23180;0;100;23455;B190;PU
Vehicle0;0;100;23455;270;100;23730;B190;PL
Vehicle0;270;100;23730;0;100;24005;B151;PU
Vehicle0;0;100;24005;260;100;24270;B151;PL
Vehicle0;260;100;24270;0;100;24535;B198;PU
Vehicle0;0;100;24535;260;100;24800;B198;PL
Vehicle0;260;100;24800;0;100;25065;B153;PU
Vehicle0;0;100;25065;370;100;25440;B153;PL
Vehicle0;370;100;25440;0;100;25815;B160;PU
Vehicle0;0;100;25815;290;100;26110;B160;PL
Vehicle0;290;100;26110;0;100;26405;B166;PU
Vehicle0;0;100;26405;290;100;26700;B166;PL
Vehicle0;290;100;26700;0;100;26995;B185;PU
Vehicle0;0;100;26995;290;100;27290;B185;PL
Vehicle0;290;100;27290;0;100;27585;B155;PU
Vehicle0;0;100;27585;390;100;27980;B155;PL
Vehicle0;390;100;27980;0;100;28375;B163;PU
Vehicle0;0;100;28375;390;100;28770;B163;PL
Vehicle0;390;100;28770;0;100;29165;B172;PU
Vehicle0;0;100;29165;390;100;29560;B172;PL
Vehicle0;390;100;29560;0;100;29955;B180;PU
Vehicle0;0;100;29955;390;100;30350;B180;PL
Vehicle0;390;100;30350;0;100;30745;B183;PU
Vehicle0;0;100;30745;390;100;31140;B183;PL
Vehicle0;390;100;31140;0;100;31535;B199;PU
Vehicle0;0;100;31535;280;100;31820;B199;PL
Vehicle0;280;100;31820;0;100;32105;B191;PU
Vehicle0;0;100;32105;340;100;32450;B191;PL
Vehicle0;340;100;32450;0;100;32795;B168;PU
Vehicle0;0;100;32795;220;100;33020;B168;PL
Vehicle0;220;100;33020;0;100;33245;B179;PU
Vehicle0;0;100;33245;330;100;33580;B179;PL
Vehicle0;330;100;33580;0;100;33915;B181;PU
Vehicle0;0;100;33915;330;100;34250;B181;PL
Vehicle0;330;100;34250;0;100;34585;B186;PU
Vehicle0;0;100;34585;330;100;34920;B186;PL
Vehicle0;330;100;34920;0;100;35255;B192;PU
Vehicle0;0;100;35255;330;100;35590;B192;PL
Vehicle0;330;100;35590;0;100;35925;B162;PU
Vehicle0;0;100;35925;250;100;36180;B162;PL
Vehicle0;250;100;36180;0;100;36435;B167;PU
Vehicle0;0;100;36435;250;100;36690;B167;PL
Vehicle0;250;100;36690;0;100;36945;B171;PU
Vehicle0;0;100;36945;250;100;37200;B171;PL
Vehicle0;250;100;37200;0;100;37455;B178;PU
Vehicle0;0;100;37455;250;100;37710;B178;PL
Vehicle0;250;100;37710;0;100;37965;B164;PU
Vehicle0;0;100;37965;240;100;38210;B164;PL
Vehicle0;240;100;38210;0;100;38455;B184;PU
Vehicle0;0;100;38455;240;100;38700;B184;PL
Vehicle0;240;100;38700;0;100;38945;B187;PU
Vehicle0;0;100;38945;240;100;39190;B187;PL
Vehicle0;240;100;39190;0;100;39435;B154;PU
Vehicle0;0;100;39435;130;100;39570;B154;PL
Vehicle0;130;100;39570;0;100;39705;B156;PU
Vehicle0;0;100;39705;130;100;39840;B156;PL
Vehicle0;130;100;39840;0;100;39975;B165;PU
Vehicle0;0;100;39975;130;100;40110;B165;PL
Vehicle0;130;100;40110;0;100;40245;B157;PU
Vehicle0;0;100;40245;300;100;40550;B157;PL
Vehicle0;300;100;40550;0;100;40855;B173;PU
Vehicle0;0;100;40855;300;100;41160;B173;PL
Vehicle0;300;100;41160;0;100;41465;B196;PU
Vehicle0;0;100;41465;140;100;41610;B196;PL
Vehicle0;140;100;41610;0;100;41755;B174;PU
Vehicle0;0;100;41755;320;100;42080;B174;PL
Vehicle0;320;100;42080;0;100;42405;B189;PU
Vehicle0;0;100;42405;320;100;42730;B189;PL
Vehicle0;320;100;42730;0;100;43055;B195;PU
Vehicle0;0;100;43055;150;100;43210;B195;PL
Vehicle0;150;100;43210;0;100;43365;B161;PU
Vehicle0;0;100;43365;160;100;43530;B161;PL
Vehicle0;160;100;43530;0;100;43695;B150;PU
Vehicle0;0;100;43695;110;100;43810;B150;PL
Vehicle0;110;100;43810;0;100;43925;B188;PU
Vehicle0;0;100;43925;110;100;44040;B188;PL
Vehicle0;110;100;44040;0;100;44155;B169;PU
Vehicle0;0;100;44155;120;100;44280;B169;PL
Vehicle0;120;100;44280;0;100;44405;B177;PU
Vehicle0;0;100;44405;120;100;44530;B177;PL
