Vehicle0;10;100;0;110;100;5;B4;PU
Vehicle1;20;100;0;120;100;5;B9;PU
Vehicle2;30;100;0;130;100;5;B14;PU
Vehicle0;110;100;5;110;100;10;B3;PU
Vehicle1;120;100;5;120;100;10;B8;PU
Vehicle2;130;100;5;130;100;10;B13;PU
Vehicle0;110;100;10;110;100;15;B2;PU
Vehicle1;120;100;10;120;100;15;B7;PU
Vehicle2;130;100;10;130;100;15;B12;PU
Vehicle0;110;100;15;0;100;130;B4;PL
Vehicle1;120;100;15;0;100;140;B9;PL
Vehicle2;130;100;15;0;100;150;B14;PL
Vehicle0;0;100;130;0;100;135;B3;PL
Vehicle0;0;100;135;0;100;140;B2;PL
Vehicle0;0;100;140;110;100;145;B1;PU
Vehicle1;0;100;140;0;100;145;B8;PL
Vehicle0;110;100;145;110;100;150;B0;PU
Vehicle1;0;100;145;0;100;150;B7;PL
Vehicle0;110;100;150;0;100;265;B1;PL
Vehicle1;0;100;150;120;100;155;B6;PU
Vehicle2;0;100;150;0;100;155;B13;PL
Vehicle1;120;100;155;120;100;160;B5;PU
Vehicle2;0;100;155;0;100;160;B12;PL
Vehicle1;120;100;160;0;100;285;B6;PL
Vehicle2;0;100;160;130;100;165;B11;PU
Vehicle2;130;100;165;130;100;170;B10;PU
Vehicle2;130;100;170;0;100;305;B11;PL
Vehicle0;0;100;265;0;100;270;B0;PL
Vehicle0;0;100;270;140;100;275;B19;PU
Vehicle0;140;100;275;140;100;280;B18;PU
Vehicle0;140;100;280;140;100;285;B17;PU
Vehicle1;0;100;285;0;100;290;B5;PL
Vehicle0;140;100;285;0;100;430;B19;PL
Vehicle1;0;100;290;150;100;295;B24;PU
Vehicle1;150;100;295;150;100;300;B23;PU
Vehicle1;150;100;300;150;100;305;B22;PU
Vehicle2;0;100;305;0;100;310;B10;PL
Vehicle1;150;100;305;0;100;460;B24;PL
Vehicle2;0;100;310;160;100;315;B29;PU
Vehicle2;160;100;315;160;100;320;B28;PU
Vehicle2;160;100;320;160;100;325;B27;PU
Vehicle2;160;100;325;0;100;490;B29;PL
Vehicle0;0;100;430;0;100;435;B18;PL
Vehicle0;0;100;435;0;100;440;B17;PL
Vehicle0;0;100;440;140;100;445;B16;PU
Vehicle0;140;100;445;140;100;450;B15;PU
Vehicle0;140;100;450;0;100;595;B16;PL
Vehicle1;0;100;460;0;100;465;B23;PL
Vehicle1;0;100;465;0;100;470;B22;PL
Vehicle1;0;100;470;150;100;475;B21;PU
Vehicle1;150;100;475;150;100;480;B20;PU
Vehicle1;150;100;480;0;100;635;B21;PL
Vehicle2;0;100;490;0;100;495;B28;PL
Vehicle2;0;100;495;0;100;500;B27;PL
Vehicle2;0;100;500;160;100;505;B26;PU
Vehicle2;160;100;505;160;100;510;B25;PU
Vehicle2;160;100;510;0;100;675;B26;PL
Vehicle0;0;100;595;0;100;600;B15;PL
Vehicle0;0;100;600;170;100;605;B34;PU
Vehicle0;170;100;605;170;100;610;B33;PU
Vehicle0;170;100;610;170;100;615;B32;PU
Vehicle0;170;100;615;0;100;790;B34;PL
Vehicle1;0;100;635;0;100;640;B20;PL
Vehicle1;0;100;640;180;100;645;B39;PU
Vehicle1;180;100;645;180;100;650;B38;PU
Vehicle1;180;100;650;180;100;655;B37;PU
Vehicle1;180;100;655;0;100;840;B39;PL
Vehicle2;0;100;675;0;100;680;B25;PL
Vehicle2;0;100;680;190;100;685;B44;PU
Vehicle2;190;100;685;190;100;690;B43;PU
Vehicle2;190;100;690;190;100;695;B42;PU
Vehicle2;190;100;695;0;100;890;B44;PL
Vehicle0;0;100;790;0;100;795;B33;PL
Vehicle0;0;100;795;0;100;800;B32;PL
Vehicle0;0;100;800;170;100;805;B31;PU
Vehicle0;170;100;805;170;100;810;B30;PU
Vehicle0;170;100;810;0;100;985;B31;PL
Vehicle1;0;100;840;0;100;845;B38;PL
Vehicle1;0;100;845;0;100;850;B37;PL
Vehicle1;0;100;850;180;100;855;B36;PU
Vehicle1;180;100;855;180;100;860;B35;PU
Vehicle1;180;100;860;0;100;1045;B36;PL
Vehicle2;0;100;890;0;100;895;B43;PL
Vehicle2;0;100;895;0;100;900;B42;PL
Vehicle2;0;100;900;190;100;905;B41;PU
Vehicle2;190;100;905;190;100;910;B40;PU
Vehicle2;190;100;910;0;100;1105;B41;PL
Vehicle0;0;100;985;0;100;990;B30;PL
Vehicle0;0;100;990;200;100;995;B49;PU
Vehicle0;200;100;995;200;100;1000;B48;PU
Vehicle0;200;100;1000;200;100;1005;B47;PU
Vehicle0;200;100;1005;0;100;1210;B49;PL
Vehicle1;0;100;1045;0;100;1050;B35;PL
Vehicle1;0;100;1050;210;100;1055;B54;PU
Vehicle1;210;100;1055;210;100;1060;B53;PU
Vehicle1;210;100;1060;210;100;1065;B52;PU
Vehicle1;210;100;1065;0;100;1280;B54;PL
Vehicle2;0;100;1105;0;100;1110;B40;PL
Vehicle2;0;100;1110;220;100;1115;B59;PU
Vehicle2;220;100;1115;220;100;1120;B58;PU
Vehicle2;220;100;1120;220;100;1125;B57;PU
Vehicle2;220;100;1125;0;100;1350;B59;PL
Vehicle0;0;100;1210;0;100;1215;B48;PL
Vehicle0;0;100;1215;0;100;1220;B47;PL
Vehicle0;0;100;1220;200;100;1225;B46;PU
Vehicle0;200;100;1225;200;100;1230;B45;PU
Vehicle0;200;100;1230;0;100;1435;B46;PL
Vehicle1;0;100;1280;0;100;1285;B53;PL
Vehicle1;0;100;1285;0;100;1290;B52;PL
Vehicle1;0;100;1290;210;100;1295;B51;PU
Vehicle1;210;100;1295;210;100;1300;B50;PU
Vehicle1;210;100;1300;0;100;1515;B51;PL
Vehicle2;0;100;1350;0;100;1355;B58;PL
Vehicle2;0;100;1355;0;100;1360;B57;PL
Vehicle2;0;100;1360;220;100;1365;B56;PU
Vehicle2;220;100;1365;220;100;1370;B55;PU
Vehicle2;220;100;1370;0;100;1595;B56;PL
Vehicle0;0;100;1435;0;100;1440;B45;PL
Vehicle0;0;100;1440;230;100;1445;B64;PU
Vehicle0;230;100;1445;230;100;1450;B63;PU
Vehicle0;230;100;1450;230;100;1455;B62;PU
Vehicle0;230;100;1455;0;100;1690;B64;PL
Vehicle1;0;100;1515;0;100;1520;B50;PL
Vehicle1;0;100;1520;240;100;1525;B69;PU
Vehicle1;240;100;1525;240;100;1530;B68;PU
Vehicle1;240;100;1530;240;100;1535;B67;PU
Vehicle1;240;100;1535;0;100;1780;B69;PL
Vehicle2;0;100;1595;0;100;1600;B55;PL
Vehicle2;0;100;1600;250;100;1605;B74;PU
Vehicle2;250;100;1605;250;100;1610;B73;PU
Vehicle2;250;100;1610;250;100;1615;B72;PU
Vehicle2;250;100;1615;0;100;1870;B74;PL
Vehicle0;0;100;1690;0;100;1695;B63;PL
Vehicle0;0;100;1695;0;100;1700;B62;PL
Vehicle0;0;100;1700;230;100;1705;B61;PU
Vehicle0;230;100;1705;230;100;1710;B60;PU
Vehicle0;230;100;1710;0;100;1945;B61;PL
Vehicle1;0;100;1780;0;100;1785;B68;PL
Vehicle1;0;100;1785;0;100;1790;B67;PL
Vehicle1;0;100;1790;240;100;1795;B66;PU
Vehicle1;240;100;1795;240;100;1800;B65;PU
Vehicle1;240;100;1800;0;100;2045;B66;PL
Vehicle2;0;100;1870;0;100;1875;B73;PL
Vehicle2;0;100;1875;0;100;1880;B72;PL
Vehicle2;0;100;1880;250;100;1885;B71;PU
Vehicle2;250;100;1885;250;100;1890;B70;PU
Vehicle2;250;100;1890;0;100;2145;B71;PL
Vehicle0;0;100;1945;0;100;1950;B60;PL
Vehicle0;0;100;1950;260;100;1955;B79;PU
Vehicle0;260;100;1955;260;100;1960;B78;PU
Vehicle0;260;100;1960;260;100;1965;B77;PU
Vehicle0;260;100;1965;0;100;2230;B79;PL
Vehicle1;0;100;2045;0;100;2050;B65;PL
Vehicle1;0;100;2050;270;100;2055;B84;PU
Vehicle1;270;100;2055;270;100;2060;B83;PU
Vehicle1;270;100;2060;270;100;2065;B82;PU
Vehicle1;270;100;2065;0;100;2340;B84;PL
Vehicle2;0;100;2145;0;100;2150;B70;PL
Vehicle2;0;100;2150;280;100;2155;B89;PU
Vehicle2;280;100;2155;280;100;2160;B88;PU
Vehicle2;280;100;2160;280;100;2165;B87;PU
Vehicle2;280;100;2165;0;100;2450;B89;PL
Vehicle0;0;100;2230;0;100;2235;B78;PL
Vehicle0;0;100;2235;0;100;2240;B77;PL
Vehicle0;0;100;2240;260;100;2245;B76;PU
Vehicle0;260;100;2245;260;100;2250;B75;PU
Vehicle0;260;100;2250;0;100;2515;B76;PL
Vehicle1;0;100;2340;0;100;2345;B83;PL
Vehicle1;0;100;2345;0;100;2350;B82;PL
Vehicle1;0;100;2350;270;100;2355;B81;PU
Vehicle1;270;100;2355;270;100;2360;B80;PU
Vehicle1;270;100;2360;0;100;2635;B81;PL
Vehicle2;0;100;2450;0;100;2455;B88;PL
Vehicle2;0;100;2455;0;100;2460;B87;PL
Vehicle2;0;100;2460;280;100;2465;B86;PU
Vehicle2;280;100;2465;280;100;2470;B85;PU
Vehicle2;280;100;2470;0;100;2755;B86;PL
Vehicle0;0;100;2515;0;100;2520;B75;PL
Vehicle0;0;100;2520;290;100;2525;B94;PU
Vehicle0;290;100;2525;290;100;2530;B93;PU
Vehicle0;290;100;2530;290;100;2535;B92;PU
Vehicle0;290;100;2535;0;100;2830;B94;PL
Vehicle1;0;100;2635;0;100;2640;B80;PL
Vehicle1;0;100;2640;300;100;2645;B99;PU
Vehicle1;300;100;2645;300;100;2650;B98;PU
Vehicle1;300;100;2650;300;100;2655;B97;PU
Vehicle1;300;100;2655;0;100;2960;B99;PL
Vehicle2;0;100;2755;0;100;2760;B85;PL
Vehicle2;0;100;2760;310;100;2765;B104;PU
Vehicle2;310;100;2765;310;100;2770;B103;PU
Vehicle2;310;100;2770;310;100;2775;B102;PU
Vehicle2;310;100;2775;0;100;3090;B104;PL
Vehicle0;0;100;2830;0;100;2835;B93;PL
Vehicle0;0;100;2835;0;100;2840;B92;PL
Vehicle0;0;100;2840;290;100;2845;B91;PU
Vehicle0;290;100;2845;290;100;2850;B90;PU
Vehicle0;290;100;2850;0;100;3145;B91;PL
Vehicle1;0;100;2960;0;100;2965;B98;PL
Vehicle1;0;100;2965;0;100;2970;B97;PL
Vehicle1;0;100;2970;300;100;2975;B96;PU
Vehicle1;300;100;2975;300;100;2980;B95;PU
Vehicle1;300;100;2980;0;100;3285;B96;PL
Vehicle2;0;100;3090;0;100;3095;B103;PL
Vehicle2;0;100;3095;0;100;3100;B102;PL
Vehicle2;0;100;3100;310;100;3105;B101;PU
Vehicle2;310;100;3105;310;100;3110;B100;PU
Vehicle2;310;100;3110;0;100;3425;B101;PL
Vehicle0;0;100;3145;0;100;3150;B90;PL
Vehicle0;0;100;3150;320;100;3155;B109;PU
Vehicle0;320;100;3155;320;100;3160;B108;PU
Vehicle0;320;100;3160;320;100;3165;B107;PU
Vehicle0;320;100;3165;0;100;3490;B109;PL
Vehicle1;0;100;3285;0;100;3290;B95;PL
Vehicle1;0;100;3290;330;100;3295;B114;PU
Vehicle1;330;100;3295;330;100;3300;B113;PU
Vehicle1;330;100;3300;330;100;3305;B112;PU
Vehicle1;330;100;3305;0;100;3640;B114;PL
Vehicle2;0;100;3425;0;100;3430;B100;PL
Vehicle2;0;100;3430;340;100;3435;B119;PU
Vehicle2;340;100;3435;340;100;3440;B118;PU
Vehicle2;340;100;3440;340;100;3445;B117;PU
Vehicle2;340;100;3445;0;100;3790;B119;PL
Vehicle0;0;100;3490;0;100;3495;B108;PL
Vehicle0;0;100;3495;0;100;3500;B107;PL
Vehicle0;0;100;3500;320;100;3505;B106;PU
Vehicle0;320;100;3505;320;100;3510;B105;PU
Vehicle0;320;100;3510;0;100;3835;B106;PL
Vehicle1;0;100;3640;0;100;3645;B113;PL
Vehicle1;0;100;3645;0;100;3650;B112;PL
Vehicle1;0;100;3650;330;100;3655;B111;PU
Vehicle1;330;100;3655;330;100;3660;B110;PU
Vehicle1;330;100;3660;0;100;3995;B111;PL
Vehicle2;0;100;3790;0;100;3795;B118;PL
Vehicle2;0;100;3795;0;100;3800;B117;PL
Vehicle2;0;100;3800;340;100;3805;B116;PU
Vehicle2;340;100;3805;340;100;3810;B115;PU
Vehicle2;340;100;3810;0;100;4155;B116;PL
Vehicle0;0;100;3835;0;100;3840;B105;PL
Vehicle0;0;100;3840;350;100;3845;B124;PU
Vehicle0;350;100;3845;350;100;3850;B123;PU
Vehicle0;350;100;3850;350;100;3855;B122;PU
Vehicle0;350;100;3855;0;100;4210;B124;PL
Vehicle1;0;100;3995;0;100;4000;B110;PL
Vehicle1;0;100;4000;360;100;4005;B129;PU
Vehicle1;360;100;4005;360;100;4010;B128;PU
Vehicle1;360;100;4010;360;100;4015;B127;PU
Vehicle1;360;100;4015;0;100;4380;B129;PL
Vehicle2;0;100;4155;0;100;4160;B115;PL
Vehicle2;0;100;4160;370;100;4165;B134;PU
Vehicle2;370;100;4165;370;100;4170;B133;PU
Vehicle2;370;100;4170;370;100;4175;B132;PU
Vehicle2;370;100;4175;0;100;4550;B134;PL
Vehicle0;0;100;4210;0;100;4215;B123;PL
Vehicle0;0;100;4215;0;100;4220;B122;PL
Vehicle0;0;100;4220;350;100;4225;B121;PU
Vehicle0;350;100;4225;350;100;4230;B120;PU
Vehicle0;350;100;4230;0;100;4585;B121;PL
Vehicle1;0;100;4380;0;100;4385;B128;PL
Vehicle1;0;100;4385;0;100;4390;B127;PL
Vehicle1;0;100;4390;360;100;4395;B126;PU
Vehicle1;360;100;4395;360;100;4400;B125;PU
Vehicle1;360;100;4400;0;100;4765;B126;PL
Vehicle2;0;100;4550;0;100;4555;B133;PL
Vehicle2;0;100;4555;0;100;4560;B132;PL
Vehicle2;0;100;4560;370;100;4565;B131;PU
Vehicle2;370;100;4565;370;100;4570;B130;PU
Vehicle2;370;100;4570;0;100;4945;B131;PL
Vehicle0;0;100;4585;0;100;4590;B120;PL
Vehicle0;0;100;4590;380;100;4595;B139;PU
Vehicle0;380;100;4595;380;100;4600;B138;PU
Vehicle0;380;100;4600;380;100;4605;B137;PU
Vehicle0;380;100;4605;0;100;4990;B139;PL
Vehicle1;0;100;4765;0;100;4770;B125;PL
Vehicle1;0;100;4770;390;100;4775;B144;PU
Vehicle1;390;100;4775;390;100;4780;B143;PU
Vehicle1;390;100;4780;390;100;4785;B142;PU
Vehicle1;390;100;4785;0;100;5180;B144;PL
Vehicle2;0;100;4945;0;100;4950;B130;PL
Vehicle2;0;100;4950;400;100;4955;B149;PU
Vehicle2;400;100;4955;400;100;4960;B148;PU
Vehicle2;400;100;4960;400;100;4965;B147;PU
Vehicle2;400;100;4965;0;100;5370;B149;PL
Vehicle0;0;100;4990;0;100;4995;B138;PL
Vehicle0;0;100;4995;0;100;5000;B137;PL
Vehicle0;0;100;5000;380;100;5005;B136;PU
Vehicle0;380;100;5005;380;100;5010;B135;PU
Vehicle0;380;100;5010;0;100;5395;B136;PL
Vehicle1;0;100;5180;0;100;5185;B143;PL
Vehicle1;0;100;5185;0;100;5190;B142;PL
Vehicle1;0;100;5190;390;100;5195;B141;PU
Vehicle1;390;100;5195;390;100;5200;B140;PU
Vehicle1;390;100;5200;0;100;5595;B141;PL
Vehicle2;0;100;5370;0;100;5375;B148;PL
Vehicle2;0;100;5375;0;100;5380;B147;PL
Vehicle2;0;100;5380;400;100;5385;B146;PU
Vehicle2;400;100;5385;400;100;5390;B145;PU
Vehicle2;400;100;5390;0;100;5795;B146;PL
Vehicle0;0;100;5395;0;100;5400;B135;PL
Vehicle0;0;100;5400;0;100;5405;B154;PU
Vehicle0;0;100;5405;0;100;5410;B199;PU
Vehicle0;0;100;5410;0;100;5415;B176;PU
Vehicle0;0;100;5415;380;100;5800;B176;PL
Vehicle1;0;100;5595;0;100;5600;B140;PL
Vehicle1;0;100;5600;0;100;5605;B187;PU
Vehicle1;0;100;5605;0;100;5610;B156;PU
Vehicle1;0;100;5610;0;100;5615;B164;PU
Vehicle1;0;100;5615;390;100;6010;B187;PL
Vehicle2;0;100;5795;0;100;5800;B145;PL
Vehicle0;380;100;5800;180;100;6005;B154;PL
Vehicle2;0;100;5800;0;100;5805;B168;PU
Vehicle2;0;100;5805;0;100;5810;B179;PU
Vehicle2;0;100;5810;0;100;5815;B161;PU
Vehicle0;180;100;6005;190;100;6020;B199;PL
Vehicle1;390;100;6010;340;100;6065;B156;PL
Vehicle0;190;100;6020;0;100;6215;B150;PU
Vehicle1;340;100;6065;340;100;6070;B164;PL
Vehicle2;0;100;6065;340;100;6410;B168;PL
Vehicle1;340;100;6070;0;100;6415;B175;PU
Vehicle0;0;100;6215;0;100;6220;B166;PU
Vehicle0;0;100;6220;0;100;6225;B171;PU
Vehicle0;0;100;6225;350;100;6580;B150;PL
Vehicle2;340;100;6410;340;100;6415;B179;PL
Vehicle2;340;100;6415;360;100;6440;B161;PL
Vehicle1;0;100;6415;0;100;6420;B163;PU
Vehicle1;0;100;6420;0;100;6425;B184;PU
Vehicle2;360;100;6440;0;100;6805;B192;PU
Vehicle0;350;100;6580;350;100;6585;B166;PL
Vehicle0;350;100;6585;300;100;6640;B171;PL
Vehicle1;0;100;6585;300;100;6890;B175;PL
Vehicle0;300;100;6640;0;100;6945;B159;PU
Vehicle2;0;100;6805;0;100;6810;B162;PU
Vehicle2;0;100;6810;0;100;6815;B151;PU
Vehicle2;0;100;6815;270;100;7090;B151;PL
Vehicle1;300;100;6890;320;100;6915;B163;PL
Vehicle1;320;100;6915;320;100;6920;B184;PL
Vehicle1;320;100;6920;0;100;7245;B160;PU
Vehicle0;0;100;6945;0;100;6950;B155;PU
Vehicle0;0;100;6950;0;100;6955;B157;PU
Vehicle0;0;100;6955;270;100;7230;B159;PL
Vehicle2;270;100;7090;320;100;7145;B192;PL
Vehicle2;320;100;7145;310;100;7160;B162;PL
Vehicle2;310;100;7160;0;100;7475;B153;PU
Vehicle0;270;100;7230;260;100;7245;B155;PL
Vehicle0;260;100;7245;260;100;7250;B157;PL
Vehicle1;0;100;7245;0;100;7250;B169;PU
Vehicle1;0;100;7250;0;100;7255;B193;PU
Vehicle0;260;100;7250;0;100;7515;B172;PU
Vehicle1;0;100;7255;260;100;7520;B160;PL
Vehicle2;0;100;7475;0;100;7480;B194;PU
Vehicle2;0;100;7480;0;100;7485;B152;PU
Vehicle2;0;100;7485;290;100;7780;B153;PL
Vehicle0;0;100;7515;0;100;7520;B173;PU
Vehicle1;260;100;7520;260;100;7525;B169;PL
Vehicle0;0;100;7520;0;100;7525;B178;PU
Vehicle1;260;100;7525;260;100;7530;B193;PL
Vehicle1;260;100;7530;0;100;7795;B186;PU
Vehicle2;290;100;7780;290;100;7785;B194;PL
Vehicle2;290;100;7785;280;100;7800;B152;PL
Vehicle0;0;100;7785;280;100;8070;B172;PL
Vehicle1;0;100;7795;0;100;7800;B167;PU
Vehicle1;0;100;7800;0;100;7805;B182;PU
Vehicle2;280;100;7800;0;100;8085;B170;PU
Vehicle1;0;100;7805;230;100;8040;B186;PL
Vehicle1;230;100;8040;250;100;8065;B167;PL
Vehicle1;250;100;8065;250;100;8070;B182;PL
Vehicle0;280;100;8070;280;100;8075;B173;PL
Vehicle1;250;100;8070;0;100;8325;B181;PU
Vehicle0;280;100;8075;280;100;8080;B178;PL
Vehicle0;280;100;8080;0;100;8365;B197;PU
Vehicle2;0;100;8085;0;100;8090;B177;PU
Vehicle2;0;100;8090;0;100;8095;B190;PU
Vehicle2;0;100;8095;240;100;8340;B170;PL
Vehicle1;0;100;8325;0;100;8330;B189;PU
Vehicle1;0;100;8330;0;100;8335;B191;PU
Vehicle1;0;100;8335;400;100;8740;B181;PL
Vehicle2;240;100;8340;130;100;8455;B177;PL
Vehicle0;0;100;8365;0;100;8370;B165;PU
Vehicle0;0;100;8370;0;100;8375;B188;PU
Vehicle2;130;100;8455;130;100;8460;B190;PL
Vehicle2;130;100;8460;0;100;8595;B195;PU
Vehicle2;0;100;8595;0;100;8600;B196;PU
Vehicle2;0;100;8600;0;100;8605;B198;PU
Vehicle1;400;100;8740;140;100;9005;B189;PL
Vehicle1;140;100;9005;140;100;9010;B191;PL
Vehicle0;0;100;9005;140;100;9150;B197;PL
Vehicle1;140;100;9010;0;100;9155;B158;PU
Vehicle0;140;100;9150;210;100;9225;B165;PL
Vehicle1;0;100;9155;0;100;9160;B185;PU
Vehicle1;0;100;9160;0;100;9165;B180;PU
Vehicle1;0;100;9165;200;100;9370;B158;PL
Vehicle0;210;100;9225;210;100;9230;B188;PL
Vehicle2;0;100;9225;210;100;9440;B195;PL
Vehicle0;210;100;9230;0;100;9445;B174;PU
Vehicle1;200;100;9370;200;100;9375;B185;PL
Vehicle1;200;100;9375;110;100;9470;B180;PL
Vehicle2;210;100;9440;210;100;9445;B196;PL
Vehicle2;210;100;9445;150;100;9510;B198;PL
Vehicle0;0;100;9445;0;100;9450;B183;PU
Vehicle0;0;100;9450;120;100;9575;B174;PL
Vehicle0;120;100;9575;120;100;9580;B183;PL
