Vehicle0;10;100;0;110;100;5;B4;PU
Vehicle1;20;100;0;130;100;5;B14;PU
Vehicle2;30;100;0;140;100;5;B19;PU
Vehicle0;110;100;5;110;100;10;B3;PU
Vehicle1;130;100;5;0;100;140;B14;PL
Vehicle2;140;100;5;0;100;150;B19;PL
Vehicle0;110;100;10;110;100;15;B2;PU
Vehicle0;110;100;15;0;100;130;B4;PL
Vehicle0;0;100;130;0;100;135;B2;PL
Vehicle0;0;100;135;120;100;260;B3;PL
Vehicle1;0;100;140;120;100;145;B3;PU
Vehicle1;120;100;145;120;100;150;B9;PU
Vehicle1;120;100;150;120;100;155;B8;PU
Vehicle2;0;100;150;150;100;155;B24;PU
Vehicle1;120;100;155;110;100;170;B3;PL
Vehicle2;150;100;155;150;100;160;B23;PU
Vehicle2;150;100;160;150;100;165;B22;PU
Vehicle2;150;100;165;130;100;190;B24;PL
Vehicle1;110;100;170;110;100;175;B9;PL
Vehicle1;110;100;175;110;100;180;B8;PL
Vehicle1;110;100;180;120;100;185;B7;PU
Vehicle1;120;100;185;120;100;190;B6;PU
Vehicle1;120;100;190;0;100;315;B6;PL
Vehicle2;130;100;190;130;100;195;B23;PL
Vehicle2;130;100;195;130;100;200;B22;PL
Vehicle2;130;100;200;150;100;205;B21;PU
Vehicle2;150;100;205;150;100;210;B20;PU
Vehicle2;150;100;210;0;100;365;B21;PL
Vehicle0;120;100;260;160;100;265;B29;PU
Vehicle0;160;100;265;160;100;270;B28;PU
Vehicle0;160;100;270;160;100;275;B27;PU
Vehicle0;160;100;275;0;100;440;B28;PL
Vehicle1;0;100;315;110;100;430;B7;PL
Vehicle2;0;100;365;0;100;370;B20;PL
Vehicle2;0;100;370;170;100;375;B34;PU
Vehicle2;170;100;375;170;100;380;B33;PU
Vehicle2;170;100;380;170;100;385;B32;PU
Vehicle2;170;100;385;0;100;560;B34;PL
Vehicle1;110;100;430;180;100;435;B39;PU
Vehicle1;180;100;435;180;100;440;B38;PU
Vehicle0;0;100;440;120;100;565;B29;PL
Vehicle1;180;100;440;180;100;445;B37;PU
Vehicle1;180;100;445;0;100;630;B38;PL
Vehicle2;0;100;560;110;100;675;B33;PL
Vehicle0;120;100;565;120;100;570;B27;PL
Vehicle0;120;100;570;160;100;575;B26;PU
Vehicle0;160;100;575;160;100;580;B25;PU
Vehicle0;160;100;580;0;100;745;B25;PL
Vehicle1;0;100;630;150;100;785;B39;PL
Vehicle2;110;100;675;110;100;680;B32;PL
Vehicle2;110;100;680;170;100;685;B31;PU
Vehicle2;170;100;685;170;100;690;B30;PU
Vehicle2;170;100;690;0;100;865;B30;PL
Vehicle0;0;100;745;120;100;870;B26;PL
Vehicle1;150;100;785;150;100;790;B37;PL
Vehicle1;150;100;790;180;100;795;B36;PU
Vehicle1;180;100;795;180;100;800;B35;PU
Vehicle1;180;100;800;0;100;985;B36;PL
Vehicle2;0;100;865;110;100;980;B31;PL
Vehicle0;120;100;870;190;100;875;B44;PU
Vehicle0;190;100;875;190;100;880;B43;PU
Vehicle0;190;100;880;190;100;885;B42;PU
Vehicle0;190;100;885;120;100;960;B44;PL
Vehicle0;120;100;960;120;100;965;B43;PL
Vehicle0;120;100;965;120;100;970;B42;PL
Vehicle0;120;100;970;190;100;975;B41;PU
Vehicle0;190;100;975;190;100;980;B40;PU
Vehicle0;190;100;980;0;100;1175;B41;PL
Vehicle2;110;100;980;200;100;985;B49;PU
Vehicle1;0;100;985;0;100;990;B35;PL
Vehicle2;200;100;985;200;100;990;B48;PU
Vehicle2;200;100;990;0;100;1195;B48;PL
Vehicle1;0;100;990;220;100;995;B59;PU
Vehicle1;220;100;995;220;100;1000;B58;PU
Vehicle1;220;100;1000;220;100;1005;B57;PU
Vehicle1;220;100;1005;0;100;1230;B57;PL
Vehicle0;0;100;1175;0;100;1180;B40;PL
Vehicle0;0;100;1180;240;100;1185;B69;PU
Vehicle0;240;100;1185;240;100;1190;B68;PU
Vehicle0;240;100;1190;240;100;1195;B67;PU
Vehicle2;0;100;1195;110;100;1310;B49;PL
Vehicle0;240;100;1195;0;100;1440;B67;PL
Vehicle1;0;100;1230;120;100;1355;B59;PL
Vehicle2;110;100;1310;250;100;1315;B74;PU
Vehicle2;250;100;1315;250;100;1320;B73;PU
Vehicle2;250;100;1320;250;100;1325;B72;PU
Vehicle2;250;100;1325;0;100;1580;B74;PL
Vehicle1;120;100;1355;120;100;1360;B58;PL
Vehicle1;120;100;1360;220;100;1365;B56;PU
Vehicle1;220;100;1365;220;100;1370;B55;PU
Vehicle1;220;100;1370;0;100;1595;B55;PL
Vehicle0;0;100;1440;140;100;1585;B69;PL
Vehicle2;0;100;1580;0;100;1585;B73;PL
Vehicle0;140;100;1585;140;100;1590;B68;PL
Vehicle2;0;100;1585;0;100;1590;B72;PL
Vehicle2;0;100;1590;250;100;1595;B71;PU
Vehicle0;140;100;1590;260;100;1595;B79;PU
Vehicle1;0;100;1595;120;100;1720;B56;PL
Vehicle2;250;100;1595;0;100;1850;B71;PL
Vehicle0;260;100;1595;260;100;1600;B78;PU
Vehicle0;260;100;1600;0;100;1865;B78;PL
Vehicle1;120;100;1720;270;100;1725;B84;PU
Vehicle1;270;100;1725;270;100;1730;B83;PU
Vehicle1;270;100;1730;270;100;1735;B82;PU
Vehicle1;270;100;1735;160;100;1850;B84;PL
Vehicle1;160;100;1850;160;100;1855;B83;PL
Vehicle2;0;100;1850;280;100;1855;B89;PU
Vehicle1;160;100;1855;160;100;1860;B82;PL
Vehicle2;280;100;1855;280;100;1860;B88;PU
Vehicle1;160;100;1860;270;100;1865;B81;PU
Vehicle2;280;100;1860;280;100;1865;B87;PU
Vehicle0;0;100;1865;150;100;2020;B79;PL
Vehicle1;270;100;1865;0;100;2140;B81;PL
Vehicle2;280;100;1865;130;100;2020;B89;PL
Vehicle2;130;100;2020;130;100;2025;B88;PL
Vehicle0;150;100;2020;290;100;2025;B94;PU
Vehicle2;130;100;2025;0;100;2160;B87;PL
Vehicle0;290;100;2025;290;100;2030;B93;PU
Vehicle0;290;100;2030;290;100;2035;B92;PU
Vehicle0;290;100;2035;150;100;2180;B94;PL
Vehicle1;0;100;2140;300;100;2145;B99;PU
Vehicle1;300;100;2145;300;100;2150;B98;PU
Vehicle1;300;100;2150;300;100;2155;B97;PU
Vehicle1;300;100;2155;170;100;2290;B99;PL
Vehicle2;0;100;2160;280;100;2165;B86;PU
Vehicle2;280;100;2165;280;100;2170;B85;PU
Vehicle2;280;100;2170;130;100;2325;B86;PL
Vehicle0;150;100;2180;150;100;2185;B93;PL
Vehicle0;150;100;2185;150;100;2190;B92;PL
Vehicle0;150;100;2190;290;100;2195;B91;PU
Vehicle0;290;100;2195;290;100;2200;B90;PU
Vehicle0;290;100;2200;0;100;2495;B91;PL
Vehicle1;170;100;2290;170;100;2295;B97;PL
Vehicle1;170;100;2295;0;100;2470;B98;PL
Vehicle2;130;100;2325;0;100;2460;B85;PL
Vehicle2;0;100;2460;310;100;2465;B104;PU
Vehicle2;310;100;2465;310;100;2470;B103;PU
Vehicle1;0;100;2470;300;100;2475;B96;PU
Vehicle2;310;100;2470;310;100;2475;B102;PU
Vehicle1;300;100;2475;300;100;2480;B95;PU
Vehicle2;310;100;2475;0;100;2790;B102;PL
Vehicle1;300;100;2480;0;100;2785;B96;PL
Vehicle0;0;100;2495;0;100;2500;B90;PL
Vehicle0;0;100;2500;320;100;2505;B109;PU
Vehicle0;320;100;2505;320;100;2510;B108;PU
Vehicle0;320;100;2510;0;100;2835;B108;PL
Vehicle1;0;100;2785;0;100;2790;B95;PL
Vehicle2;0;100;2790;140;100;2935;B104;PL
Vehicle1;0;100;2790;330;100;2795;B114;PU
Vehicle1;330;100;2795;0;100;3130;B114;PL
Vehicle0;0;100;2835;160;100;3000;B109;PL
Vehicle2;140;100;2935;140;100;2940;B103;PL
Vehicle2;140;100;2940;310;100;2945;B101;PU
Vehicle2;310;100;2945;310;100;2950;B100;PU
Vehicle2;310;100;2950;0;100;3265;B100;PL
Vehicle0;160;100;3000;340;100;3005;B119;PU
Vehicle0;340;100;3005;340;100;3010;B118;PU
Vehicle0;340;100;3010;340;100;3015;B117;PU
Vehicle0;340;100;3015;170;100;3190;B119;PL
Vehicle1;0;100;3130;350;100;3135;B124;PU
Vehicle1;350;100;3135;350;100;3140;B123;PU
Vehicle1;350;100;3140;350;100;3145;B122;PU
Vehicle1;350;100;3145;180;100;3320;B124;PL
Vehicle0;170;100;3190;170;100;3195;B118;PL
Vehicle0;170;100;3195;170;100;3200;B117;PL
Vehicle0;170;100;3200;340;100;3205;B116;PU
Vehicle0;340;100;3205;0;100;3550;B116;PL
Vehicle2;0;100;3265;140;100;3410;B101;PL
Vehicle1;180;100;3320;180;100;3325;B122;PL
Vehicle1;180;100;3325;0;100;3510;B123;PL
Vehicle2;140;100;3410;360;100;3415;B129;PU
Vehicle2;360;100;3415;360;100;3420;B128;PU
Vehicle2;360;100;3420;360;100;3425;B127;PU
Vehicle2;360;100;3425;0;100;3790;B127;PL
Vehicle1;0;100;3510;350;100;3515;B121;PU
Vehicle1;350;100;3515;350;100;3520;B120;PU
Vehicle1;350;100;3520;180;100;3695;B121;PL
Vehicle0;0;100;3550;370;100;3555;B134;PU
Vehicle0;370;100;3555;370;100;3560;B133;PU
Vehicle0;370;100;3560;370;100;3565;B132;PU
Vehicle0;370;100;3565;0;100;3940;B134;PL
Vehicle1;180;100;3695;0;100;3880;B120;PL
Vehicle2;0;100;3790;150;100;3945;B129;PL
Vehicle1;0;100;3880;380;100;3885;B139;PU
Vehicle1;380;100;3885;380;100;3890;B138;PU
Vehicle1;380;100;3890;380;100;3895;B137;PU
Vehicle1;380;100;3895;190;100;4090;B137;PL
Vehicle0;0;100;3940;160;100;4105;B133;PL
Vehicle2;150;100;3945;150;100;3950;B128;PL
Vehicle2;150;100;3950;360;100;3955;B126;PU
Vehicle2;360;100;3955;360;100;3960;B125;PU
Vehicle2;360;100;3960;0;100;4325;B125;PL
Vehicle1;190;100;4090;0;100;4285;B138;PL
Vehicle0;160;100;4105;160;100;4110;B132;PL
Vehicle0;160;100;4110;370;100;4115;B131;PU
Vehicle0;370;100;4115;0;100;4490;B131;PL
Vehicle1;0;100;4285;140;100;4430;B139;PL
Vehicle2;0;100;4325;150;100;4480;B126;PL
Vehicle1;140;100;4430;380;100;4435;B136;PU
Vehicle1;380;100;4435;380;100;4440;B135;PU
Vehicle1;380;100;4440;190;100;4635;B136;PL
Vehicle2;150;100;4480;390;100;4485;B144;PU
Vehicle2;390;100;4485;390;100;4490;B143;PU
Vehicle2;390;100;4490;390;100;4495;B142;PU
Vehicle0;0;100;4490;400;100;4495;B149;PU
Vehicle2;390;100;4495;0;100;4890;B144;PL
Vehicle0;400;100;4495;400;100;4500;B148;PU
Vehicle0;400;100;4500;400;100;4505;B147;PU
Vehicle0;400;100;4505;170;100;4740;B149;PL
Vehicle1;190;100;4635;0;100;4830;B135;PL
Vehicle0;170;100;4740;170;100;4745;B148;PL
Vehicle0;170;100;4745;0;100;4920;B147;PL
Vehicle1;0;100;4830;140;100;4835;B139;PU
Vehicle1;140;100;4835;140;100;4840;B101;PU
Vehicle1;140;100;4840;190;100;4895;B139;PL
Vehicle2;0;100;4890;160;100;5055;B143;PL
Vehicle1;190;100;4895;190;100;4900;B101;PL
Vehicle1;190;100;4900;120;100;4905;B56;PU
Vehicle1;120;100;4905;190;100;4980;B56;PL
Vehicle0;0;100;4920;400;100;4925;B146;PU
Vehicle0;400;100;4925;0;100;5330;B146;PL
Vehicle1;190;100;4980;110;100;4985;B49;PU
Vehicle1;110;100;4985;110;100;4990;B31;PU
Vehicle1;110;100;4990;190;100;5075;B49;PL
Vehicle2;160;100;5055;160;100;5060;B142;PL
Vehicle2;160;100;5060;390;100;5065;B141;PU
Vehicle2;390;100;5065;0;100;5460;B141;PL
Vehicle1;190;100;5075;190;100;5080;B31;PL
Vehicle1;190;100;5080;0;100;5275;B169;PU
Vehicle1;0;100;5275;0;100;5280;B192;PU
Vehicle1;0;100;5280;0;100;5285;B165;PU
Vehicle1;0;100;5285;170;100;5460;B169;PL
Vehicle0;0;100;5330;0;100;5335;B178;PU
Vehicle0;0;100;5335;0;100;5340;B189;PU
Vehicle0;0;100;5340;0;100;5345;B156;PU
Vehicle1;170;100;5460;170;100;5465;B192;PL
Vehicle2;0;100;5460;0;100;5465;B155;PU
Vehicle1;170;100;5465;180;100;5480;B165;PL
Vehicle0;0;100;5465;180;100;5650;B178;PL
Vehicle2;0;100;5465;0;100;5470;B166;PU
Vehicle2;0;100;5470;0;100;5475;B194;PU
Vehicle2;0;100;5475;370;100;5850;B155;PL
Vehicle1;180;100;5480;0;100;5665;B162;PU
Vehicle0;180;100;5650;180;100;5655;B189;PL
Vehicle0;180;100;5655;190;100;5670;B156;PL
Vehicle1;0;100;5665;0;100;5670;B181;PU
Vehicle1;0;100;5670;0;100;5675;B183;PU
Vehicle0;190;100;5670;0;100;5865;B161;PU
Vehicle1;0;100;5675;260;100;5940;B162;PL
Vehicle2;370;100;5850;370;100;5855;B166;PL
Vehicle2;370;100;5855;370;100;5860;B194;PL
Vehicle2;370;100;5860;0;100;6235;B197;PU
Vehicle0;0;100;5865;0;100;5870;B174;PU
Vehicle0;0;100;5870;0;100;5875;B176;PU
Vehicle0;0;100;5875;290;100;6170;B161;PL
Vehicle1;260;100;5940;260;100;5945;B181;PL
Vehicle1;260;100;5945;260;100;5950;B183;PL
Vehicle1;260;100;5950;0;100;6215;B187;PU
Vehicle0;290;100;6170;290;100;6175;B174;PL
Vehicle0;290;100;6175;290;100;6180;B176;PL
Vehicle0;290;100;6180;0;100;6475;B150;PU
Vehicle1;0;100;6215;0;100;6220;B158;PU
Vehicle1;0;100;6220;0;100;6225;B182;PU
Vehicle2;0;100;6235;0;100;6240;B151;PU
Vehicle2;0;100;6240;0;100;6245;B168;PU
Vehicle2;0;100;6245;290;100;6540;B197;PL
Vehicle0;0;100;6475;0;100;6480;B175;PU
Vehicle0;0;100;6480;0;100;6485;B170;PU
Vehicle0;0;100;6485;330;100;6820;B150;PL
Vehicle2;290;100;6540;280;100;6555;B151;PL
Vehicle2;280;100;6555;390;100;6670;B168;PL
Vehicle1;0;100;6555;390;100;6950;B187;PL
Vehicle2;390;100;6670;0;100;7065;B184;PU
Vehicle0;330;100;6820;330;100;6825;B175;PL
Vehicle0;330;100;6825;220;100;6940;B170;PL
Vehicle0;220;100;6940;0;100;7165;B152;PU
Vehicle1;390;100;6950;340;100;7005;B158;PL
Vehicle1;340;100;7005;230;100;7120;B182;PL
Vehicle2;0;100;7065;0;100;7070;B196;PU
Vehicle2;0;100;7070;0;100;7075;B171;PU
Vehicle2;0;100;7075;220;100;7300;B184;PL
Vehicle1;230;100;7120;0;100;7355;B193;PU
Vehicle0;0;100;7165;0;100;7170;B163;PU
Vehicle0;0;100;7170;0;100;7175;B188;PU
Vehicle0;0;100;7175;350;100;7530;B152;PL
Vehicle2;220;100;7300;220;100;7305;B196;PL
Vehicle2;220;100;7305;250;100;7340;B171;PL
Vehicle2;250;100;7340;0;100;7595;B186;PU
Vehicle1;0;100;7355;0;100;7360;B164;PU
Vehicle1;0;100;7360;0;100;7365;B179;PU
Vehicle1;0;100;7365;240;100;7610;B193;PL
Vehicle0;350;100;7530;350;100;7535;B163;PL
Vehicle0;350;100;7535;350;100;7540;B188;PL
Vehicle0;350;100;7540;0;100;7895;B154;PU
Vehicle2;0;100;7595;0;100;7600;B199;PU
Vehicle2;0;100;7600;0;100;7605;B153;PU
Vehicle1;240;100;7610;300;100;7675;B164;PL
Vehicle1;300;100;7675;300;100;7680;B179;PL
Vehicle2;0;100;7675;300;100;7980;B186;PL
Vehicle1;300;100;7680;0;100;7985;B180;PU
Vehicle0;0;100;7895;0;100;7900;B159;PU
Vehicle0;0;100;7900;0;100;7905;B160;PU
Vehicle2;300;100;7980;300;100;7985;B199;PL
Vehicle2;300;100;7985;400;100;8090;B153;PL
Vehicle0;0;100;7985;400;100;8390;B154;PL
Vehicle1;0;100;7985;0;100;7990;B172;PU
Vehicle1;0;100;7990;0;100;7995;B157;PU
Vehicle2;400;100;8090;0;100;8495;B167;PU
Vehicle0;400;100;8390;400;100;8395;B159;PL
Vehicle0;400;100;8395;140;100;8660;B160;PL
Vehicle1;0;100;8395;140;100;8540;B180;PL
Vehicle2;0;100;8495;0;100;8500;B177;PU
Vehicle2;0;100;8500;0;100;8505;B190;PU
Vehicle2;0;100;8505;200;100;8710;B167;PL
Vehicle1;140;100;8540;150;100;8555;B172;PL
Vehicle1;150;100;8555;160;100;8570;B157;PL
Vehicle1;160;100;8570;0;100;8735;B185;PU
Vehicle0;140;100;8660;0;100;8805;B195;PU
Vehicle2;200;100;8710;200;100;8715;B177;PL
Vehicle2;200;100;8715;200;100;8720;B190;PL
Vehicle1;0;100;8735;0;100;8740;B191;PU
Vehicle1;0;100;8740;0;100;8745;B173;PU
Vehicle1;0;100;8745;310;100;9060;B185;PL
Vehicle0;0;100;8805;0;100;8810;B198;PU
Vehicle1;310;100;9060;310;100;9065;B191;PL
Vehicle1;310;100;9065;110;100;9270;B173;PL
Vehicle0;0;100;9065;110;100;9180;B195;PL
Vehicle0;110;100;9180;120;100;9195;B198;PL
