Vehicle0;100;100;0;110;100;15;B9;PU
Vehicle2;50;100;0;120;100;75;T2;PU
Vehicle1;0;100;0;0;100;5;BBufferTest2;PU
Vehicle1;0;100;5;0;100;10;BBufferTest1;PU
Vehicle1;0;100;10;0;100;15;BBufferTest4;PU
Vehicle0;110;100;15;0;100;130;B9;PL
Vehicle1;0;100;15;0;100;20;BBufferTest5;PU
Vehicle1;0;100;20;0;100;25;BBufferTest6;PU
Vehicle1;0;100;25;130;100;160;BBufferTest2;PL
Vehicle2;120;100;75;120;100;80;B14;PU
Vehicle2;120;100;80;120;100;85;BTest;PU
Vehicle2;120;100;85;120;100;90;BTest2;PU
Vehicle2;120;100;90;120;100;95;B13;PU
Vehicle2;120;100;95;0;100;220;B14;PL
Vehicle0;0;100;130;0;100;135;BBufferTest7;PU
Vehicle0;0;100;135;0;100;140;BBufferTest8;PU
Vehicle0;0;100;140;0;100;145;BBufferTest9;PU
Vehicle0;0;100;145;0;100;150;BBufferTest10;PU
Vehicle0;0;100;150;0;100;155;BBufferTest0;PU
Vehicle2;0;100;220;0;100;225;B13;PL
Vehicle2;0;100;225;110;100;340;T2;PL
Vehicle2;110;100;340;110;100;345;BTest;PL
Vehicle2;110;100;345;110;100;350;BTest2;PL
Vehicle2;110;100;350;120;100;365;B12;PU
Vehicle2;120;100;365;0;100;490;B12;PL
Vehicle2;110;100;490;110;100;495;BTest2;PU
Vehicle2;110;100;495;110;100;500;BTest;PU
Vehicle2;110;100;500;110;100;505;T2;PU
Vehicle2;110;100;505;110;100;510;B8;PU
Vehicle2;110;100;510;110;100;515;B7;PU
Vehicle1;130;100;510;110;100;535;BBufferTest1;PL
Vehicle2;110;100;515;120;100;530;BTest2;PL
Vehicle2;120;100;530;120;100;535;BTest;PL
Vehicle2;120;100;535;120;100;540;T2;PL
Vehicle1;110;100;535;110;100;540;BBufferTest4;PL
Vehicle2;120;100;540;120;100;545;B8;PL
Vehicle1;110;100;540;110;100;545;BBufferTest5;PL
Vehicle2;120;100;545;120;100;550;B7;PL
Vehicle1;110;100;545;110;100;550;BBufferTest6;PL
Vehicle0;0;100;545;110;100;660;BBufferTest7;PL
Vehicle1;110;100;550;0;100;665;BBufferTest3;PU
Vehicle0;110;100;660;110;100;665;BBufferTest8;PL
Vehicle0;110;100;665;110;100;670;BBufferTest9;PL
Vehicle0;110;100;670;110;100;675;BBufferTest10;PL
Vehicle0;110;100;675;120;100;690;BBufferTest0;PL
Vehicle1;0;100;675;120;100;800;BBufferTest3;PL
